#
# There is insufficient memory for the Java Runtime Environment to continue.
# Native memory allocation (malloc) failed to allocate 718816 bytes for Chunk::new
# Possible reasons:
#   The system is out of physical RAM or swap space
#   The process is running with CompressedOops enabled, and the Java Heap may be blocking the growth of the native heap
# Possible solutions:
#   Reduce memory load on the system
#   Increase physical memory or swap space
#   Check if swap backing store is full
#   Decrease Java heap size (-Xmx/-Xms)
#   Decrease number of Java threads
#   Decrease Java thread stack sizes (-Xss)
#   Set larger code cache with -XX:ReservedCodeCacheSize=
#   JVM is running with Unscaled Compressed Oops mode in which the Java heap is
#     placed in the first 4GB address space. The Java Heap base address is the
#     maximum limit for the native heap growth. Please use -XX:HeapBaseMinAddress
#     to set the Java Heap base and to place the Java Heap above 4GB virtual address.
# This output file may be truncated or incomplete.
#
#  Out of Memory Error (./src/hotspot/share/memory/arena.cpp:197), pid=13948, tid=14076
#
# JRE version: OpenJDK Runtime Environment (11.0.11+9) (build 11.0.11+9-b60-7590822)
# Java VM: OpenJDK 64-Bit Server VM (11.0.11+9-b60-7590822, mixed mode, tiered, compressed oops, g1 gc, windows-amd64)
# No core dump will be written. Minidumps are not enabled by default on client versions of Windows
#

---------------  S U M M A R Y ------------

Command Line: --add-opens=java.base/java.util=ALL-UNNAMED --add-opens=java.base/java.lang=ALL-UNNAMED --add-opens=java.base/java.lang.invoke=ALL-UNNAMED --add-opens=java.base/java.util=ALL-UNNAMED --add-opens=java.prefs/java.util.prefs=ALL-UNNAMED --add-opens=java.prefs/java.util.prefs=ALL-UNNAMED --add-opens=java.base/java.nio.charset=ALL-UNNAMED --add-opens=java.base/java.net=ALL-UNNAMED --add-opens=java.base/java.util.concurrent.atomic=ALL-UNNAMED -Xmx2048M -Dfile.encoding=windows-1252 -Duser.country=US -Duser.language=en -Duser.variant org.gradle.launcher.daemon.bootstrap.GradleDaemon 7.0.2

Host: Intel(R) Core(TM) i5-9400 CPU @ 2.90GHz, 6 cores, 15G,  Windows 10 , 64 bit Build 22000 (10.0.22000.434)
Time: Fri Mar 25 12:35:25 2022 India Standard Time elapsed time: 3.185909 seconds (0d 0h 0m 3s)

---------------  T H R E A D  ---------------

Current thread (0x0000019ddfc5c800):  JavaThread "C2 CompilerThread1" daemon [_thread_in_native, id=14076, stack(0x0000004c15700000,0x0000004c15800000)]


Current CompileTask:
C2:   3185 3603       4       org.codehaus.groovy.reflection.CachedMethod::compareTo (25 bytes)

Stack: [0x0000004c15700000,0x0000004c15800000]
Native frames: (J=compiled Java code, j=interpreted, Vv=VM code, C=native code)
V  [jvm.dll+0x5f214a]
V  [jvm.dll+0x726fb5]
V  [jvm.dll+0x7285cd]
V  [jvm.dll+0x728c83]
V  [jvm.dll+0x243278]
V  [jvm.dll+0xbc53c]
V  [jvm.dll+0xbca3c]
V  [jvm.dll+0x2b5c34]
V  [jvm.dll+0x508488]
V  [jvm.dll+0x1fd92d]
V  [jvm.dll+0x1fb35f]
V  [jvm.dll+0x183d6c]
V  [jvm.dll+0x209a57]
V  [jvm.dll+0x2082a1]
V  [jvm.dll+0x6ef58f]
V  [jvm.dll+0x6e80b5]
V  [jvm.dll+0x5f1036]
C  [ucrtbase.dll+0x26c0c]
C  [KERNEL32.DLL+0x154e0]
C  [ntdll.dll+0x485b]


---------------  P R O C E S S  ---------------

Threads class SMR info:
_java_thread_list=0x0000019de13adf00, length=38, elements={
0x0000019dc300c000, 0x0000019ddd8b4000, 0x0000019ddd8b7000, 0x0000019ddd918800,
0x0000019ddd919800, 0x0000019ddd91d000, 0x0000019ddd929000, 0x0000019ddd92a800,
0x0000019ddd930000, 0x0000019ddda99000, 0x0000019ddee09000, 0x0000019ddddd2000,
0x0000019ddf509000, 0x0000019ddff0c000, 0x0000019ddf824000, 0x0000019ddfc5c800,
0x0000019ddf4c9800, 0x0000019ddef2e800, 0x0000019ddf84c000, 0x0000019ddfa7c800,
0x0000019ddf7d0000, 0x0000019ddf7d1800, 0x0000019ddf7cf800, 0x0000019ddf7d1000,
0x0000019de12fc800, 0x0000019de12f9800, 0x0000019de12fe800, 0x0000019de12fc000,
0x0000019de12f8800, 0x0000019de1300000, 0x0000019de12fb000, 0x0000019de12fa000,
0x0000019de12ff000, 0x0000019de1302800, 0x0000019de1301800, 0x0000019de1300800,
0x0000019de1303000, 0x0000019de1304000
}

Java Threads: ( => current thread )
  0x0000019dc300c000 JavaThread "main" [_thread_blocked, id=6076, stack(0x0000004c13c00000,0x0000004c13d00000)]
  0x0000019ddd8b4000 JavaThread "Reference Handler" daemon [_thread_blocked, id=12304, stack(0x0000004c14300000,0x0000004c14400000)]
  0x0000019ddd8b7000 JavaThread "Finalizer" daemon [_thread_blocked, id=13996, stack(0x0000004c14400000,0x0000004c14500000)]
  0x0000019ddd918800 JavaThread "Signal Dispatcher" daemon [_thread_blocked, id=14064, stack(0x0000004c14500000,0x0000004c14600000)]
  0x0000019ddd919800 JavaThread "Attach Listener" daemon [_thread_blocked, id=14060, stack(0x0000004c14600000,0x0000004c14700000)]
  0x0000019ddd91d000 JavaThread "Service Thread" daemon [_thread_blocked, id=14056, stack(0x0000004c14700000,0x0000004c14800000)]
  0x0000019ddd929000 JavaThread "C2 CompilerThread0" daemon [_thread_in_native, id=14040, stack(0x0000004c14800000,0x0000004c14900000)]
  0x0000019ddd92a800 JavaThread "C1 CompilerThread0" daemon [_thread_in_vm, id=14092, stack(0x0000004c14900000,0x0000004c14a00000)]
  0x0000019ddd930000 JavaThread "Sweeper thread" daemon [_thread_blocked, id=14088, stack(0x0000004c14a00000,0x0000004c14b00000)]
  0x0000019ddda99000 JavaThread "Common-Cleaner" daemon [_thread_blocked, id=14084, stack(0x0000004c14b00000,0x0000004c14c00000)]
  0x0000019ddee09000 JavaThread "Daemon health stats" [_thread_blocked, id=14044, stack(0x0000004c15300000,0x0000004c15400000)]
  0x0000019ddddd2000 JavaThread "Incoming local TCP Connector on port 53472" [_thread_in_native, id=14048, stack(0x0000004c14d00000,0x0000004c14e00000)]
  0x0000019ddf509000 JavaThread "Daemon periodic checks" [_thread_blocked, id=14032, stack(0x0000004c15400000,0x0000004c15500000)]
  0x0000019ddff0c000 JavaThread "Daemon" [_thread_blocked, id=14072, stack(0x0000004c15500000,0x0000004c15600000)]
  0x0000019ddf824000 JavaThread "Handler for socket connection from /127.0.0.1:53472 to /127.0.0.1:53473" [_thread_in_native, id=14080, stack(0x0000004c15600000,0x0000004c15700000)]
=>0x0000019ddfc5c800 JavaThread "C2 CompilerThread1" daemon [_thread_in_native, id=14076, stack(0x0000004c15700000,0x0000004c15800000)]
  0x0000019ddf4c9800 JavaThread "Cancel handler" [_thread_blocked, id=14052, stack(0x0000004c15800000,0x0000004c15900000)]
  0x0000019ddef2e800 JavaThread "Daemon worker" [_thread_in_vm, id=14096, stack(0x0000004c15900000,0x0000004c15a00000)]
  0x0000019ddf84c000 JavaThread "Asynchronous log dispatcher for DefaultDaemonConnection: socket connection from /127.0.0.1:53472 to /127.0.0.1:53473" [_thread_blocked, id=12160, stack(0x0000004c15a00000,0x0000004c15b00000)]
  0x0000019ddfa7c800 JavaThread "Stdin handler" [_thread_blocked, id=6556, stack(0x0000004c15b00000,0x0000004c15c00000)]
  0x0000019ddf7d0000 JavaThread "Daemon client event forwarder" [_thread_blocked, id=9996, stack(0x0000004c15c00000,0x0000004c15d00000)]
  0x0000019ddf7d1800 JavaThread "Cache worker for file hash cache (C:\Users\user\.gradle\caches\7.0.2\fileHashes)" [_thread_blocked, id=13140, stack(0x0000004c15d00000,0x0000004c15e00000)]
  0x0000019ddf7cf800 JavaThread "File lock request listener" [_thread_in_native, id=13752, stack(0x0000004c15e00000,0x0000004c15f00000)]
  0x0000019ddf7d1000 JavaThread "Cache worker for journal cache (C:\Users\user\.gradle\caches\journal-1)" [_thread_blocked, id=14124, stack(0x0000004c16000000,0x0000004c16100000)]
  0x0000019de12fc800 JavaThread "Cache worker for file hash cache (D:\AndroidDevelopmentOLD\JLGSourcing\.gradle\7.0.2\fileHashes)" [_thread_blocked, id=14156, stack(0x0000004c16100000,0x0000004c16200000)]
  0x0000019de12f9800 JavaThread "File watcher server" daemon [_thread_in_native, id=14208, stack(0x0000004c16200000,0x0000004c16300000)]
  0x0000019de12fe800 JavaThread "File watcher consumer" daemon [_thread_blocked, id=14204, stack(0x0000004c16300000,0x0000004c16400000)]
  0x0000019de12fc000 JavaThread "jar transforms" [_thread_blocked, id=14200, stack(0x0000004c16400000,0x0000004c16500000)]
  0x0000019de12f8800 JavaThread "jar transforms Thread 2" [_thread_blocked, id=14216, stack(0x0000004c16500000,0x0000004c16600000)]
  0x0000019de1300000 JavaThread "jar transforms Thread 3" [_thread_blocked, id=14220, stack(0x0000004c16600000,0x0000004c16700000)]
  0x0000019de12fb000 JavaThread "jar transforms Thread 4" [_thread_blocked, id=14224, stack(0x0000004c16700000,0x0000004c16800000)]
  0x0000019de12fa000 JavaThread "jar transforms Thread 5" [_thread_blocked, id=14228, stack(0x0000004c16800000,0x0000004c16900000)]
  0x0000019de12ff000 JavaThread "jar transforms Thread 6" [_thread_blocked, id=14232, stack(0x0000004c16900000,0x0000004c16a00000)]
  0x0000019de1302800 JavaThread "Cache worker for checksums cache (D:\AndroidDevelopmentOLD\JLGSourcing\.gradle\checksums)" [_thread_blocked, id=14236, stack(0x0000004c16a00000,0x0000004c16b00000)]
  0x0000019de1301800 JavaThread "Cache worker for cache directory md-supplier (C:\Users\user\.gradle\caches\7.0.2\md-supplier)" [_thread_blocked, id=14184, stack(0x0000004c16b00000,0x0000004c16c00000)]
  0x0000019de1300800 JavaThread "Cache worker for cache directory md-rule (C:\Users\user\.gradle\caches\7.0.2\md-rule)" [_thread_blocked, id=14160, stack(0x0000004c16c00000,0x0000004c16d00000)]
  0x0000019de1303000 JavaThread "Cache worker for execution history cache (C:\Users\user\.gradle\caches\7.0.2\executionHistory)" [_thread_blocked, id=14164, stack(0x0000004c16d00000,0x0000004c16e00000)]
  0x0000019de1304000 JavaThread "Cache worker for file content cache (C:\Users\user\.gradle\caches\7.0.2\fileContent)" [_thread_blocked, id=14148, stack(0x0000004c16e00000,0x0000004c16f00000)]

Other Threads:
  0x0000019ddd8b2800 VMThread "VM Thread" [stack: 0x0000004c14200000,0x0000004c14300000] [id=11556]
  0x0000019dddad4800 WatcherThread [stack: 0x0000004c14c00000,0x0000004c14d00000] [id=14100]
  0x0000019dc3025000 GCTaskThread "GC Thread#0" [stack: 0x0000004c13d00000,0x0000004c13e00000] [id=3104]
  0x0000019dde2aa800 GCTaskThread "GC Thread#1" [stack: 0x0000004c14e00000,0x0000004c14f00000] [id=14108]
  0x0000019dde65d000 GCTaskThread "GC Thread#2" [stack: 0x0000004c14f00000,0x0000004c15000000] [id=14112]
  0x0000019dde58e000 GCTaskThread "GC Thread#3" [stack: 0x0000004c15000000,0x0000004c15100000] [id=14116]
  0x0000019dde885800 GCTaskThread "GC Thread#4" [stack: 0x0000004c15100000,0x0000004c15200000] [id=14120]
  0x0000019dde591000 GCTaskThread "GC Thread#5" [stack: 0x0000004c15200000,0x0000004c15300000] [id=14068]
  0x0000019dc3058800 ConcurrentGCThread "G1 Main Marker" [stack: 0x0000004c13e00000,0x0000004c13f00000] [id=13872]
  0x0000019dc3059800 ConcurrentGCThread "G1 Conc#0" [stack: 0x0000004c13f00000,0x0000004c14000000] [id=6524]
  0x0000019dde591800 ConcurrentGCThread "G1 Conc#1" [stack: 0x0000004c15f00000,0x0000004c16000000] [id=7124]
  0x0000019ddcf03000 ConcurrentGCThread "G1 Refine#0" [stack: 0x0000004c14000000,0x0000004c14100000] [id=14024]
  0x0000019ddcf04000 ConcurrentGCThread "G1 Young RemSet Sampling" [stack: 0x0000004c14100000,0x0000004c14200000] [id=12700]

Threads with active compile tasks:
C2 CompilerThread0   3218 3593       4       org.objectweb.asm.Frame::execute (2318 bytes)
C2 CompilerThread1   3218 3603       4       org.codehaus.groovy.reflection.CachedMethod::compareTo (25 bytes)

VM state:not at safepoint (normal execution)

VM Mutex/Monitor currently owned by a thread:  ([mutex/lock_event])
[0x0000019dc3000210] MetaspaceExpand_lock - owner thread: 0x0000019ddef2e800

Heap address: 0x0000000080000000, size: 2048 MB, Compressed Oops mode: 32-bit
Narrow klass base: 0x0000000000000000, Narrow klass shift: 3
Compressed class space size: 1073741824 Address: 0x0000000100000000

Heap:
 garbage-first heap   total 260096K, used 104432K [0x0000000080000000, 0x0000000100000000)
  region size 1024K, 76 young (77824K), 9 survivors (9216K)
 Metaspace       used 41176K, capacity 42210K, committed 42240K, reserved 1089536K
  class space    used 5273K, capacity 5625K, committed 5632K, reserved 1048576K
Heap Regions: E=young(eden), S=young(survivor), O=old, HS=humongous(starts), HC=humongous(continues), CS=collection set, F=free, A=archive, TAMS=top-at-mark-start (previous, next)
|   0|0x0000000080000000, 0x0000000080100000, 0x0000000080100000|100%| O|  |TAMS 0x0000000080100000, 0x0000000080000000| Untracked 
|   1|0x0000000080100000, 0x0000000080200000, 0x0000000080200000|100%| O|  |TAMS 0x0000000080200000, 0x0000000080100000| Untracked 
|   2|0x0000000080200000, 0x0000000080300000, 0x0000000080300000|100%| O|  |TAMS 0x0000000080300000, 0x0000000080200000| Untracked 
|   3|0x0000000080300000, 0x0000000080400000, 0x0000000080400000|100%|HS|  |TAMS 0x0000000080400000, 0x0000000080300000| Complete 
|   4|0x0000000080400000, 0x0000000080500000, 0x0000000080500000|100%|HC|  |TAMS 0x0000000080500000, 0x0000000080400000| Complete 
|   5|0x0000000080500000, 0x0000000080600000, 0x0000000080600000|100%|HC|  |TAMS 0x0000000080600000, 0x0000000080500000| Complete 
|   6|0x0000000080600000, 0x0000000080700000, 0x0000000080700000|100%| O|  |TAMS 0x0000000080700000, 0x0000000080600000| Untracked 
|   7|0x0000000080700000, 0x0000000080800000, 0x0000000080800000|100%| O|  |TAMS 0x0000000080800000, 0x0000000080700000| Untracked 
|   8|0x0000000080800000, 0x0000000080900000, 0x0000000080900000|100%| O|  |TAMS 0x0000000080900000, 0x0000000080900000| Untracked 
|   9|0x0000000080900000, 0x0000000080a00000, 0x0000000080a00000|100%| O|  |TAMS 0x0000000080a00000, 0x0000000080a00000| Untracked 
|  10|0x0000000080a00000, 0x0000000080b00000, 0x0000000080b00000|100%| O|  |TAMS 0x0000000080b00000, 0x0000000080b00000| Untracked 
|  11|0x0000000080b00000, 0x0000000080c00000, 0x0000000080c00000|100%| O|  |TAMS 0x0000000080c00000, 0x0000000080c00000| Untracked 
|  12|0x0000000080c00000, 0x0000000080d00000, 0x0000000080d00000|100%| O|  |TAMS 0x0000000080d00000, 0x0000000080d00000| Untracked 
|  13|0x0000000080d00000, 0x0000000080e00000, 0x0000000080e00000|100%| O|  |TAMS 0x0000000080e00000, 0x0000000080e00000| Untracked 
|  14|0x0000000080e00000, 0x0000000080f00000, 0x0000000080f00000|100%| O|  |TAMS 0x0000000080f00000, 0x0000000080f00000| Untracked 
|  15|0x0000000080f00000, 0x0000000081000000, 0x0000000081000000|100%| O|  |TAMS 0x0000000081000000, 0x0000000081000000| Untracked 
|  16|0x0000000081000000, 0x000000008101fa00, 0x0000000081100000| 12%| O|  |TAMS 0x000000008101fa00, 0x0000000081100000| Untracked 
|  17|0x0000000081100000, 0x0000000081200000, 0x0000000081200000|100%|HS|  |TAMS 0x0000000081200000, 0x0000000081200000| Complete 
|  18|0x0000000081200000, 0x0000000081300000, 0x0000000081300000|100%|HC|  |TAMS 0x0000000081300000, 0x0000000081300000| Complete 
|  19|0x0000000081300000, 0x0000000081400000, 0x0000000081400000|100%|HS|  |TAMS 0x0000000081400000, 0x0000000081400000| Complete 
|  20|0x0000000081400000, 0x0000000081500000, 0x0000000081500000|100%|HC|  |TAMS 0x0000000081500000, 0x0000000081500000| Complete 
|  21|0x0000000081500000, 0x0000000081600000, 0x0000000081600000|100%|HC|  |TAMS 0x0000000081600000, 0x0000000081600000| Complete 
|  22|0x0000000081600000, 0x0000000081700000, 0x0000000081700000|100%|HS|  |TAMS 0x0000000081700000, 0x0000000081700000| Complete 
|  23|0x0000000081700000, 0x0000000081800000, 0x0000000081800000|100%|HC|  |TAMS 0x0000000081800000, 0x0000000081800000| Complete 
|  24|0x0000000081800000, 0x0000000081900000, 0x0000000081900000|100%|HC|  |TAMS 0x0000000081900000, 0x0000000081900000| Complete 
|  25|0x0000000081900000, 0x0000000081a00000, 0x0000000081a00000|100%|HC|  |TAMS 0x0000000081a00000, 0x0000000081a00000| Complete 
|  26|0x0000000081a00000, 0x0000000081b00000, 0x0000000081b00000|100%|HS|  |TAMS 0x0000000081a00000, 0x0000000081b00000| Complete 
|  27|0x0000000081b00000, 0x0000000081c00000, 0x0000000081c00000|100%|HS|  |TAMS 0x0000000081b00000, 0x0000000081c00000| Complete 
|  28|0x0000000081c00000, 0x0000000081d00000, 0x0000000081d00000|100%|HC|  |TAMS 0x0000000081c00000, 0x0000000081d00000| Complete 
|  29|0x0000000081d00000, 0x0000000081d00000, 0x0000000081e00000|  0%| F|  |TAMS 0x0000000081d00000, 0x0000000081d00000| Untracked 
|  30|0x0000000081e00000, 0x0000000081e00000, 0x0000000081f00000|  0%| F|  |TAMS 0x0000000081e00000, 0x0000000081e00000| Untracked 
|  31|0x0000000081f00000, 0x0000000081f00000, 0x0000000082000000|  0%| F|  |TAMS 0x0000000081f00000, 0x0000000081f00000| Untracked 
|  32|0x0000000082000000, 0x0000000082000000, 0x0000000082100000|  0%| F|  |TAMS 0x0000000082000000, 0x0000000082000000| Untracked 
|  33|0x0000000082100000, 0x0000000082100000, 0x0000000082200000|  0%| F|  |TAMS 0x0000000082100000, 0x0000000082100000| Untracked 
|  34|0x0000000082200000, 0x0000000082200000, 0x0000000082300000|  0%| F|  |TAMS 0x0000000082200000, 0x0000000082200000| Untracked 
|  35|0x0000000082300000, 0x0000000082300000, 0x0000000082400000|  0%| F|  |TAMS 0x0000000082300000, 0x0000000082300000| Untracked 
|  36|0x0000000082400000, 0x0000000082400000, 0x0000000082500000|  0%| F|  |TAMS 0x0000000082400000, 0x0000000082400000| Untracked 
|  37|0x0000000082500000, 0x0000000082500000, 0x0000000082600000|  0%| F|  |TAMS 0x0000000082500000, 0x0000000082500000| Untracked 
|  38|0x0000000082600000, 0x0000000082600000, 0x0000000082700000|  0%| F|  |TAMS 0x0000000082600000, 0x0000000082600000| Untracked 
|  39|0x0000000082700000, 0x0000000082700000, 0x0000000082800000|  0%| F|  |TAMS 0x0000000082700000, 0x0000000082700000| Untracked 
|  40|0x0000000082800000, 0x0000000082800000, 0x0000000082900000|  0%| F|  |TAMS 0x0000000082800000, 0x0000000082800000| Untracked 
|  41|0x0000000082900000, 0x0000000082900000, 0x0000000082a00000|  0%| F|  |TAMS 0x0000000082900000, 0x0000000082900000| Untracked 
|  42|0x0000000082a00000, 0x0000000082a00000, 0x0000000082b00000|  0%| F|  |TAMS 0x0000000082a00000, 0x0000000082a00000| Untracked 
|  43|0x0000000082b00000, 0x0000000082b00000, 0x0000000082c00000|  0%| F|  |TAMS 0x0000000082b00000, 0x0000000082b00000| Untracked 
|  44|0x0000000082c00000, 0x0000000082c00000, 0x0000000082d00000|  0%| F|  |TAMS 0x0000000082c00000, 0x0000000082c00000| Untracked 
|  45|0x0000000082d00000, 0x0000000082d00000, 0x0000000082e00000|  0%| F|  |TAMS 0x0000000082d00000, 0x0000000082d00000| Untracked 
|  46|0x0000000082e00000, 0x0000000082e00000, 0x0000000082f00000|  0%| F|  |TAMS 0x0000000082e00000, 0x0000000082e00000| Untracked 
|  47|0x0000000082f00000, 0x0000000082f00000, 0x0000000083000000|  0%| F|  |TAMS 0x0000000082f00000, 0x0000000082f00000| Untracked 
|  48|0x0000000083000000, 0x0000000083000000, 0x0000000083100000|  0%| F|  |TAMS 0x0000000083000000, 0x0000000083000000| Untracked 
|  49|0x0000000083100000, 0x0000000083100000, 0x0000000083200000|  0%| F|  |TAMS 0x0000000083100000, 0x0000000083100000| Untracked 
|  50|0x0000000083200000, 0x0000000083200000, 0x0000000083300000|  0%| F|  |TAMS 0x0000000083200000, 0x0000000083200000| Untracked 
|  51|0x0000000083300000, 0x0000000083300000, 0x0000000083400000|  0%| F|  |TAMS 0x0000000083300000, 0x0000000083300000| Untracked 
|  52|0x0000000083400000, 0x0000000083400000, 0x0000000083500000|  0%| F|  |TAMS 0x0000000083400000, 0x0000000083400000| Untracked 
|  53|0x0000000083500000, 0x0000000083500000, 0x0000000083600000|  0%| F|  |TAMS 0x0000000083500000, 0x0000000083500000| Untracked 
|  54|0x0000000083600000, 0x0000000083600000, 0x0000000083700000|  0%| F|  |TAMS 0x0000000083600000, 0x0000000083600000| Untracked 
|  55|0x0000000083700000, 0x0000000083700000, 0x0000000083800000|  0%| F|  |TAMS 0x0000000083700000, 0x0000000083700000| Untracked 
|  56|0x0000000083800000, 0x0000000083800000, 0x0000000083900000|  0%| F|  |TAMS 0x0000000083800000, 0x0000000083800000| Untracked 
|  57|0x0000000083900000, 0x0000000083900000, 0x0000000083a00000|  0%| F|  |TAMS 0x0000000083900000, 0x0000000083900000| Untracked 
|  58|0x0000000083a00000, 0x0000000083a00000, 0x0000000083b00000|  0%| F|  |TAMS 0x0000000083a00000, 0x0000000083a00000| Untracked 
|  59|0x0000000083b00000, 0x0000000083b00000, 0x0000000083c00000|  0%| F|  |TAMS 0x0000000083b00000, 0x0000000083b00000| Untracked 
|  60|0x0000000083c00000, 0x0000000083c00000, 0x0000000083d00000|  0%| F|  |TAMS 0x0000000083c00000, 0x0000000083c00000| Untracked 
|  61|0x0000000083d00000, 0x0000000083d00000, 0x0000000083e00000|  0%| F|  |TAMS 0x0000000083d00000, 0x0000000083d00000| Untracked 
|  62|0x0000000083e00000, 0x0000000083e00000, 0x0000000083f00000|  0%| F|  |TAMS 0x0000000083e00000, 0x0000000083e00000| Untracked 
|  63|0x0000000083f00000, 0x0000000083f00000, 0x0000000084000000|  0%| F|  |TAMS 0x0000000083f00000, 0x0000000083f00000| Untracked 
|  64|0x0000000084000000, 0x0000000084000000, 0x0000000084100000|  0%| F|  |TAMS 0x0000000084000000, 0x0000000084000000| Untracked 
|  65|0x0000000084100000, 0x0000000084100000, 0x0000000084200000|  0%| F|  |TAMS 0x0000000084100000, 0x0000000084100000| Untracked 
|  66|0x0000000084200000, 0x0000000084200000, 0x0000000084300000|  0%| F|  |TAMS 0x0000000084200000, 0x0000000084200000| Untracked 
|  67|0x0000000084300000, 0x0000000084300000, 0x0000000084400000|  0%| F|  |TAMS 0x0000000084300000, 0x0000000084300000| Untracked 
|  68|0x0000000084400000, 0x0000000084400000, 0x0000000084500000|  0%| F|  |TAMS 0x0000000084400000, 0x0000000084400000| Untracked 
|  69|0x0000000084500000, 0x0000000084500000, 0x0000000084600000|  0%| F|  |TAMS 0x0000000084500000, 0x0000000084500000| Untracked 
|  70|0x0000000084600000, 0x0000000084600000, 0x0000000084700000|  0%| F|  |TAMS 0x0000000084600000, 0x0000000084600000| Untracked 
|  71|0x0000000084700000, 0x0000000084700000, 0x0000000084800000|  0%| F|  |TAMS 0x0000000084700000, 0x0000000084700000| Untracked 
|  72|0x0000000084800000, 0x0000000084800000, 0x0000000084900000|  0%| F|  |TAMS 0x0000000084800000, 0x0000000084800000| Untracked 
|  73|0x0000000084900000, 0x0000000084900000, 0x0000000084a00000|  0%| F|  |TAMS 0x0000000084900000, 0x0000000084900000| Untracked 
|  74|0x0000000084a00000, 0x0000000084a00000, 0x0000000084b00000|  0%| F|  |TAMS 0x0000000084a00000, 0x0000000084a00000| Untracked 
|  75|0x0000000084b00000, 0x0000000084b00000, 0x0000000084c00000|  0%| F|  |TAMS 0x0000000084b00000, 0x0000000084b00000| Untracked 
|  76|0x0000000084c00000, 0x0000000084c00000, 0x0000000084d00000|  0%| F|  |TAMS 0x0000000084c00000, 0x0000000084c00000| Untracked 
|  77|0x0000000084d00000, 0x0000000084d00000, 0x0000000084e00000|  0%| F|  |TAMS 0x0000000084d00000, 0x0000000084d00000| Untracked 
|  78|0x0000000084e00000, 0x0000000084e00000, 0x0000000084f00000|  0%| F|  |TAMS 0x0000000084e00000, 0x0000000084e00000| Untracked 
|  79|0x0000000084f00000, 0x0000000084f00000, 0x0000000085000000|  0%| F|  |TAMS 0x0000000084f00000, 0x0000000084f00000| Untracked 
|  80|0x0000000085000000, 0x0000000085000000, 0x0000000085100000|  0%| F|  |TAMS 0x0000000085000000, 0x0000000085000000| Untracked 
|  81|0x0000000085100000, 0x0000000085100000, 0x0000000085200000|  0%| F|  |TAMS 0x0000000085100000, 0x0000000085100000| Untracked 
|  82|0x0000000085200000, 0x0000000085200000, 0x0000000085300000|  0%| F|  |TAMS 0x0000000085200000, 0x0000000085200000| Untracked 
|  83|0x0000000085300000, 0x0000000085300000, 0x0000000085400000|  0%| F|  |TAMS 0x0000000085300000, 0x0000000085300000| Untracked 
|  84|0x0000000085400000, 0x0000000085400000, 0x0000000085500000|  0%| F|  |TAMS 0x0000000085400000, 0x0000000085400000| Untracked 
|  85|0x0000000085500000, 0x0000000085500000, 0x0000000085600000|  0%| F|  |TAMS 0x0000000085500000, 0x0000000085500000| Untracked 
|  86|0x0000000085600000, 0x0000000085600000, 0x0000000085700000|  0%| F|  |TAMS 0x0000000085600000, 0x0000000085600000| Untracked 
|  87|0x0000000085700000, 0x0000000085700000, 0x0000000085800000|  0%| F|  |TAMS 0x0000000085700000, 0x0000000085700000| Untracked 
|  88|0x0000000085800000, 0x0000000085800000, 0x0000000085900000|  0%| F|  |TAMS 0x0000000085800000, 0x0000000085800000| Untracked 
|  89|0x0000000085900000, 0x0000000085900000, 0x0000000085a00000|  0%| F|  |TAMS 0x0000000085900000, 0x0000000085900000| Untracked 
|  90|0x0000000085a00000, 0x0000000085a00000, 0x0000000085b00000|  0%| F|  |TAMS 0x0000000085a00000, 0x0000000085a00000| Untracked 
|  91|0x0000000085b00000, 0x0000000085b00000, 0x0000000085c00000|  0%| F|  |TAMS 0x0000000085b00000, 0x0000000085b00000| Untracked 
|  92|0x0000000085c00000, 0x0000000085c00000, 0x0000000085d00000|  0%| F|  |TAMS 0x0000000085c00000, 0x0000000085c00000| Untracked 
|  93|0x0000000085d00000, 0x0000000085d00000, 0x0000000085e00000|  0%| F|  |TAMS 0x0000000085d00000, 0x0000000085d00000| Untracked 
|  94|0x0000000085e00000, 0x0000000085e00000, 0x0000000085f00000|  0%| F|  |TAMS 0x0000000085e00000, 0x0000000085e00000| Untracked 
|  95|0x0000000085f00000, 0x0000000085f00000, 0x0000000086000000|  0%| F|  |TAMS 0x0000000085f00000, 0x0000000085f00000| Untracked 
|  96|0x0000000086000000, 0x0000000086000000, 0x0000000086100000|  0%| F|  |TAMS 0x0000000086000000, 0x0000000086000000| Untracked 
|  97|0x0000000086100000, 0x0000000086100000, 0x0000000086200000|  0%| F|  |TAMS 0x0000000086100000, 0x0000000086100000| Untracked 
|  98|0x0000000086200000, 0x0000000086200000, 0x0000000086300000|  0%| F|  |TAMS 0x0000000086200000, 0x0000000086200000| Untracked 
|  99|0x0000000086300000, 0x0000000086300000, 0x0000000086400000|  0%| F|  |TAMS 0x0000000086300000, 0x0000000086300000| Untracked 
| 100|0x0000000086400000, 0x0000000086400000, 0x0000000086500000|  0%| F|  |TAMS 0x0000000086400000, 0x0000000086400000| Untracked 
| 101|0x0000000086500000, 0x0000000086500000, 0x0000000086600000|  0%| F|  |TAMS 0x0000000086500000, 0x0000000086500000| Untracked 
| 102|0x0000000086600000, 0x0000000086600000, 0x0000000086700000|  0%| F|  |TAMS 0x0000000086600000, 0x0000000086600000| Untracked 
| 103|0x0000000086700000, 0x0000000086700000, 0x0000000086800000|  0%| F|  |TAMS 0x0000000086700000, 0x0000000086700000| Untracked 
| 104|0x0000000086800000, 0x0000000086800000, 0x0000000086900000|  0%| F|  |TAMS 0x0000000086800000, 0x0000000086800000| Untracked 
| 105|0x0000000086900000, 0x0000000086900000, 0x0000000086a00000|  0%| F|  |TAMS 0x0000000086900000, 0x0000000086900000| Untracked 
| 106|0x0000000086a00000, 0x0000000086a00000, 0x0000000086b00000|  0%| F|  |TAMS 0x0000000086a00000, 0x0000000086a00000| Untracked 
| 107|0x0000000086b00000, 0x0000000086b00000, 0x0000000086c00000|  0%| F|  |TAMS 0x0000000086b00000, 0x0000000086b00000| Untracked 
| 108|0x0000000086c00000, 0x0000000086c00000, 0x0000000086d00000|  0%| F|  |TAMS 0x0000000086c00000, 0x0000000086c00000| Untracked 
| 109|0x0000000086d00000, 0x0000000086d00000, 0x0000000086e00000|  0%| F|  |TAMS 0x0000000086d00000, 0x0000000086d00000| Untracked 
| 110|0x0000000086e00000, 0x0000000086e00000, 0x0000000086f00000|  0%| F|  |TAMS 0x0000000086e00000, 0x0000000086e00000| Untracked 
| 111|0x0000000086f00000, 0x0000000086f00000, 0x0000000087000000|  0%| F|  |TAMS 0x0000000086f00000, 0x0000000086f00000| Untracked 
| 112|0x0000000087000000, 0x0000000087000000, 0x0000000087100000|  0%| F|  |TAMS 0x0000000087000000, 0x0000000087000000| Untracked 
| 113|0x0000000087100000, 0x0000000087100000, 0x0000000087200000|  0%| F|  |TAMS 0x0000000087100000, 0x0000000087100000| Untracked 
| 114|0x0000000087200000, 0x0000000087200000, 0x0000000087300000|  0%| F|  |TAMS 0x0000000087200000, 0x0000000087200000| Untracked 
| 115|0x0000000087300000, 0x0000000087300000, 0x0000000087400000|  0%| F|  |TAMS 0x0000000087300000, 0x0000000087300000| Untracked 
| 116|0x0000000087400000, 0x0000000087400000, 0x0000000087500000|  0%| F|  |TAMS 0x0000000087400000, 0x0000000087400000| Untracked 
| 117|0x0000000087500000, 0x0000000087500000, 0x0000000087600000|  0%| F|  |TAMS 0x0000000087500000, 0x0000000087500000| Untracked 
| 118|0x0000000087600000, 0x0000000087600000, 0x0000000087700000|  0%| F|  |TAMS 0x0000000087600000, 0x0000000087600000| Untracked 
| 119|0x0000000087700000, 0x0000000087700000, 0x0000000087800000|  0%| F|  |TAMS 0x0000000087700000, 0x0000000087700000| Untracked 
| 120|0x0000000087800000, 0x0000000087800000, 0x0000000087900000|  0%| F|  |TAMS 0x0000000087800000, 0x0000000087800000| Untracked 
| 121|0x0000000087900000, 0x0000000087900000, 0x0000000087a00000|  0%| F|  |TAMS 0x0000000087900000, 0x0000000087900000| Untracked 
| 122|0x0000000087a00000, 0x0000000087a00000, 0x0000000087b00000|  0%| F|  |TAMS 0x0000000087a00000, 0x0000000087a00000| Untracked 
| 123|0x0000000087b00000, 0x0000000087b00000, 0x0000000087c00000|  0%| F|  |TAMS 0x0000000087b00000, 0x0000000087b00000| Untracked 
| 124|0x0000000087c00000, 0x0000000087c00000, 0x0000000087d00000|  0%| F|  |TAMS 0x0000000087c00000, 0x0000000087c00000| Untracked 
| 125|0x0000000087d00000, 0x0000000087d00000, 0x0000000087e00000|  0%| F|  |TAMS 0x0000000087d00000, 0x0000000087d00000| Untracked 
| 126|0x0000000087e00000, 0x0000000087e00000, 0x0000000087f00000|  0%| F|  |TAMS 0x0000000087e00000, 0x0000000087e00000| Untracked 
| 127|0x0000000087f00000, 0x0000000087f00000, 0x0000000088000000|  0%| F|  |TAMS 0x0000000087f00000, 0x0000000087f00000| Untracked 
| 128|0x0000000088000000, 0x0000000088000000, 0x0000000088100000|  0%| F|  |TAMS 0x0000000088000000, 0x0000000088000000| Untracked 
| 129|0x0000000088100000, 0x0000000088100000, 0x0000000088200000|  0%| F|  |TAMS 0x0000000088100000, 0x0000000088100000| Untracked 
| 130|0x0000000088200000, 0x0000000088200000, 0x0000000088300000|  0%| F|  |TAMS 0x0000000088200000, 0x0000000088200000| Untracked 
| 131|0x0000000088300000, 0x0000000088300000, 0x0000000088400000|  0%| F|  |TAMS 0x0000000088300000, 0x0000000088300000| Untracked 
| 132|0x0000000088400000, 0x0000000088400000, 0x0000000088500000|  0%| F|  |TAMS 0x0000000088400000, 0x0000000088400000| Untracked 
| 133|0x0000000088500000, 0x0000000088500000, 0x0000000088600000|  0%| F|  |TAMS 0x0000000088500000, 0x0000000088500000| Untracked 
| 134|0x0000000088600000, 0x0000000088600000, 0x0000000088700000|  0%| F|  |TAMS 0x0000000088600000, 0x0000000088600000| Untracked 
| 135|0x0000000088700000, 0x0000000088700000, 0x0000000088800000|  0%| F|  |TAMS 0x0000000088700000, 0x0000000088700000| Untracked 
| 136|0x0000000088800000, 0x0000000088800000, 0x0000000088900000|  0%| F|  |TAMS 0x0000000088800000, 0x0000000088800000| Untracked 
| 137|0x0000000088900000, 0x0000000088900000, 0x0000000088a00000|  0%| F|  |TAMS 0x0000000088900000, 0x0000000088900000| Untracked 
| 138|0x0000000088a00000, 0x0000000088a00000, 0x0000000088b00000|  0%| F|  |TAMS 0x0000000088a00000, 0x0000000088a00000| Untracked 
| 139|0x0000000088b00000, 0x0000000088b00000, 0x0000000088c00000|  0%| F|  |TAMS 0x0000000088b00000, 0x0000000088b00000| Untracked 
| 140|0x0000000088c00000, 0x0000000088c00000, 0x0000000088d00000|  0%| F|  |TAMS 0x0000000088c00000, 0x0000000088c00000| Untracked 
| 141|0x0000000088d00000, 0x0000000088d00000, 0x0000000088e00000|  0%| F|  |TAMS 0x0000000088d00000, 0x0000000088d00000| Untracked 
| 142|0x0000000088e00000, 0x0000000088e00000, 0x0000000088f00000|  0%| F|  |TAMS 0x0000000088e00000, 0x0000000088e00000| Untracked 
| 143|0x0000000088f00000, 0x0000000088f00000, 0x0000000089000000|  0%| F|  |TAMS 0x0000000088f00000, 0x0000000088f00000| Untracked 
| 144|0x0000000089000000, 0x0000000089000000, 0x0000000089100000|  0%| F|  |TAMS 0x0000000089000000, 0x0000000089000000| Untracked 
| 145|0x0000000089100000, 0x0000000089100000, 0x0000000089200000|  0%| F|  |TAMS 0x0000000089100000, 0x0000000089100000| Untracked 
| 146|0x0000000089200000, 0x0000000089200000, 0x0000000089300000|  0%| F|  |TAMS 0x0000000089200000, 0x0000000089200000| Untracked 
| 147|0x0000000089300000, 0x0000000089300000, 0x0000000089400000|  0%| F|  |TAMS 0x0000000089300000, 0x0000000089300000| Untracked 
| 148|0x0000000089400000, 0x0000000089400000, 0x0000000089500000|  0%| F|  |TAMS 0x0000000089400000, 0x0000000089400000| Untracked 
| 149|0x0000000089500000, 0x0000000089500000, 0x0000000089600000|  0%| F|  |TAMS 0x0000000089500000, 0x0000000089500000| Untracked 
| 150|0x0000000089600000, 0x0000000089600000, 0x0000000089700000|  0%| F|  |TAMS 0x0000000089600000, 0x0000000089600000| Untracked 
| 151|0x0000000089700000, 0x0000000089700000, 0x0000000089800000|  0%| F|  |TAMS 0x0000000089700000, 0x0000000089700000| Untracked 
| 152|0x0000000089800000, 0x0000000089800000, 0x0000000089900000|  0%| F|  |TAMS 0x0000000089800000, 0x0000000089800000| Untracked 
| 153|0x0000000089900000, 0x0000000089900000, 0x0000000089a00000|  0%| F|  |TAMS 0x0000000089900000, 0x0000000089900000| Untracked 
| 154|0x0000000089a00000, 0x0000000089a00000, 0x0000000089b00000|  0%| F|  |TAMS 0x0000000089a00000, 0x0000000089a00000| Untracked 
| 155|0x0000000089b00000, 0x0000000089b00000, 0x0000000089c00000|  0%| F|  |TAMS 0x0000000089b00000, 0x0000000089b00000| Untracked 
| 156|0x0000000089c00000, 0x0000000089c00000, 0x0000000089d00000|  0%| F|  |TAMS 0x0000000089c00000, 0x0000000089c00000| Untracked 
| 157|0x0000000089d00000, 0x0000000089d00000, 0x0000000089e00000|  0%| F|  |TAMS 0x0000000089d00000, 0x0000000089d00000| Untracked 
| 158|0x0000000089e00000, 0x0000000089e00000, 0x0000000089f00000|  0%| F|  |TAMS 0x0000000089e00000, 0x0000000089e00000| Untracked 
| 159|0x0000000089f00000, 0x0000000089f00000, 0x000000008a000000|  0%| F|  |TAMS 0x0000000089f00000, 0x0000000089f00000| Untracked 
| 160|0x000000008a000000, 0x000000008a000000, 0x000000008a100000|  0%| F|  |TAMS 0x000000008a000000, 0x000000008a000000| Untracked 
| 161|0x000000008a100000, 0x000000008a100000, 0x000000008a200000|  0%| F|  |TAMS 0x000000008a100000, 0x000000008a100000| Untracked 
| 162|0x000000008a200000, 0x000000008a200000, 0x000000008a300000|  0%| F|  |TAMS 0x000000008a200000, 0x000000008a200000| Untracked 
| 163|0x000000008a300000, 0x000000008a300000, 0x000000008a400000|  0%| F|  |TAMS 0x000000008a300000, 0x000000008a300000| Untracked 
| 164|0x000000008a400000, 0x000000008a400000, 0x000000008a500000|  0%| F|  |TAMS 0x000000008a400000, 0x000000008a400000| Untracked 
| 165|0x000000008a500000, 0x000000008a500000, 0x000000008a600000|  0%| F|  |TAMS 0x000000008a500000, 0x000000008a500000| Untracked 
| 166|0x000000008a600000, 0x000000008a600000, 0x000000008a700000|  0%| F|  |TAMS 0x000000008a600000, 0x000000008a600000| Untracked 
| 167|0x000000008a700000, 0x000000008a700000, 0x000000008a800000|  0%| F|  |TAMS 0x000000008a700000, 0x000000008a700000| Untracked 
| 168|0x000000008a800000, 0x000000008a800000, 0x000000008a900000|  0%| F|  |TAMS 0x000000008a800000, 0x000000008a800000| Untracked 
| 169|0x000000008a900000, 0x000000008a9dc810, 0x000000008aa00000| 86%| E|CS|TAMS 0x000000008a900000, 0x000000008a9dc810| Complete 
| 170|0x000000008aa00000, 0x000000008ab00000, 0x000000008ab00000|100%| E|CS|TAMS 0x000000008aa00000, 0x000000008ab00000| Complete 
| 171|0x000000008ab00000, 0x000000008ac00000, 0x000000008ac00000|100%| E|CS|TAMS 0x000000008ab00000, 0x000000008ac00000| Complete 
| 172|0x000000008ac00000, 0x000000008ad00000, 0x000000008ad00000|100%| E|CS|TAMS 0x000000008ac00000, 0x000000008ad00000| Complete 
| 173|0x000000008ad00000, 0x000000008ae00000, 0x000000008ae00000|100%| E|CS|TAMS 0x000000008ad00000, 0x000000008ae00000| Complete 
| 174|0x000000008ae00000, 0x000000008af00000, 0x000000008af00000|100%| E|CS|TAMS 0x000000008ae00000, 0x000000008af00000| Complete 
| 175|0x000000008af00000, 0x000000008b000000, 0x000000008b000000|100%| E|CS|TAMS 0x000000008af00000, 0x000000008b000000| Complete 
| 176|0x000000008b000000, 0x000000008b100000, 0x000000008b100000|100%| E|CS|TAMS 0x000000008b000000, 0x000000008b100000| Complete 
| 177|0x000000008b100000, 0x000000008b200000, 0x000000008b200000|100%| E|CS|TAMS 0x000000008b100000, 0x000000008b200000| Complete 
| 178|0x000000008b200000, 0x000000008b200000, 0x000000008b300000|  0%| F|  |TAMS 0x000000008b200000, 0x000000008b200000| Untracked 
| 179|0x000000008b300000, 0x000000008b300000, 0x000000008b400000|  0%| F|  |TAMS 0x000000008b300000, 0x000000008b300000| Untracked 
| 180|0x000000008b400000, 0x000000008b47c920, 0x000000008b500000| 48%| S|  |TAMS 0x000000008b400000, 0x000000008b400000| Complete 
| 181|0x000000008b500000, 0x000000008b600000, 0x000000008b600000|100%| S|  |TAMS 0x000000008b500000, 0x000000008b500000| Complete 
| 182|0x000000008b600000, 0x000000008b700000, 0x000000008b700000|100%| S|  |TAMS 0x000000008b600000, 0x000000008b600000| Complete 
| 183|0x000000008b700000, 0x000000008b800000, 0x000000008b800000|100%| S|  |TAMS 0x000000008b700000, 0x000000008b700000| Complete 
| 184|0x000000008b800000, 0x000000008b900000, 0x000000008b900000|100%| S|  |TAMS 0x000000008b800000, 0x000000008b800000| Complete 
| 185|0x000000008b900000, 0x000000008ba00000, 0x000000008ba00000|100%| S|  |TAMS 0x000000008b900000, 0x000000008b900000| Complete 
| 186|0x000000008ba00000, 0x000000008bb00000, 0x000000008bb00000|100%| S|  |TAMS 0x000000008ba00000, 0x000000008ba00000| Complete 
| 187|0x000000008bb00000, 0x000000008bb80800, 0x000000008bc00000| 50%| E|CS|TAMS 0x000000008bb00000, 0x000000008bb80800| Complete 
| 188|0x000000008bc00000, 0x000000008bd00000, 0x000000008bd00000|100%| E|CS|TAMS 0x000000008bc00000, 0x000000008bd00000| Complete 
| 189|0x000000008bd00000, 0x000000008be00000, 0x000000008be00000|100%| E|CS|TAMS 0x000000008bd00000, 0x000000008be00000| Complete 
| 190|0x000000008be00000, 0x000000008bf00000, 0x000000008bf00000|100%| E|CS|TAMS 0x000000008be00000, 0x000000008bf00000| Complete 
| 191|0x000000008bf00000, 0x000000008c000000, 0x000000008c000000|100%| E|CS|TAMS 0x000000008bf00000, 0x000000008c000000| Complete 
| 192|0x000000008c000000, 0x000000008c100000, 0x000000008c100000|100%| E|CS|TAMS 0x000000008c000000, 0x000000008c100000| Complete 
| 193|0x000000008c100000, 0x000000008c200000, 0x000000008c200000|100%| E|CS|TAMS 0x000000008c100000, 0x000000008c200000| Complete 
| 194|0x000000008c200000, 0x000000008c300000, 0x000000008c300000|100%| E|CS|TAMS 0x000000008c200000, 0x000000008c300000| Complete 
| 195|0x000000008c300000, 0x000000008c400000, 0x000000008c400000|100%| E|CS|TAMS 0x000000008c300000, 0x000000008c400000| Complete 
| 196|0x000000008c400000, 0x000000008c500000, 0x000000008c500000|100%| E|CS|TAMS 0x000000008c400000, 0x000000008c500000| Complete 
| 197|0x000000008c500000, 0x000000008c600000, 0x000000008c600000|100%| E|CS|TAMS 0x000000008c500000, 0x000000008c600000| Complete 
| 198|0x000000008c600000, 0x000000008c700000, 0x000000008c700000|100%| E|CS|TAMS 0x000000008c600000, 0x000000008c700000| Complete 
| 199|0x000000008c700000, 0x000000008c800000, 0x000000008c800000|100%| E|CS|TAMS 0x000000008c700000, 0x000000008c800000| Complete 
| 200|0x000000008c800000, 0x000000008c900000, 0x000000008c900000|100%| E|CS|TAMS 0x000000008c800000, 0x000000008c900000| Complete 
| 201|0x000000008c900000, 0x000000008ca00000, 0x000000008ca00000|100%| E|CS|TAMS 0x000000008c900000, 0x000000008ca00000| Complete 
| 202|0x000000008ca00000, 0x000000008cb00000, 0x000000008cb00000|100%| E|CS|TAMS 0x000000008ca00000, 0x000000008cb00000| Complete 
| 203|0x000000008cb00000, 0x000000008cc00000, 0x000000008cc00000|100%| E|CS|TAMS 0x000000008cb00000, 0x000000008cc00000| Complete 
| 204|0x000000008cc00000, 0x000000008cd00000, 0x000000008cd00000|100%| E|CS|TAMS 0x000000008cc00000, 0x000000008cd00000| Complete 
| 205|0x000000008cd00000, 0x000000008ce00000, 0x000000008ce00000|100%| E|CS|TAMS 0x000000008cd00000, 0x000000008ce00000| Complete 
| 206|0x000000008ce00000, 0x000000008cf00000, 0x000000008cf00000|100%| E|CS|TAMS 0x000000008ce00000, 0x000000008cf00000| Complete 
| 207|0x000000008cf00000, 0x000000008d000000, 0x000000008d000000|100%| E|CS|TAMS 0x000000008cf00000, 0x000000008d000000| Complete 
| 208|0x000000008d000000, 0x000000008d100000, 0x000000008d100000|100%| E|CS|TAMS 0x000000008d000000, 0x000000008d100000| Complete 
| 209|0x000000008d100000, 0x000000008d200000, 0x000000008d200000|100%| E|CS|TAMS 0x000000008d100000, 0x000000008d200000| Complete 
| 210|0x000000008d200000, 0x000000008d300000, 0x000000008d300000|100%| E|CS|TAMS 0x000000008d200000, 0x000000008d300000| Complete 
| 211|0x000000008d300000, 0x000000008d400000, 0x000000008d400000|100%| E|CS|TAMS 0x000000008d300000, 0x000000008d400000| Complete 
| 212|0x000000008d400000, 0x000000008d500000, 0x000000008d500000|100%| E|CS|TAMS 0x000000008d400000, 0x000000008d500000| Complete 
| 213|0x000000008d500000, 0x000000008d600000, 0x000000008d600000|100%| E|CS|TAMS 0x000000008d500000, 0x000000008d600000| Complete 
| 214|0x000000008d600000, 0x000000008d700000, 0x000000008d700000|100%| E|CS|TAMS 0x000000008d600000, 0x000000008d700000| Complete 
| 215|0x000000008d700000, 0x000000008d800000, 0x000000008d800000|100%| E|CS|TAMS 0x000000008d700000, 0x000000008d800000| Complete 
| 216|0x000000008d800000, 0x000000008d900000, 0x000000008d900000|100%| E|CS|TAMS 0x000000008d800000, 0x000000008d900000| Complete 
| 217|0x000000008d900000, 0x000000008da00000, 0x000000008da00000|100%| E|CS|TAMS 0x000000008d900000, 0x000000008da00000| Complete 
| 218|0x000000008da00000, 0x000000008db00000, 0x000000008db00000|100%| E|CS|TAMS 0x000000008da00000, 0x000000008db00000| Complete 
| 219|0x000000008db00000, 0x000000008dc00000, 0x000000008dc00000|100%| E|CS|TAMS 0x000000008db00000, 0x000000008dc00000| Complete 
| 220|0x000000008dc00000, 0x000000008dd00000, 0x000000008dd00000|100%| E|CS|TAMS 0x000000008dc00000, 0x000000008dd00000| Complete 
| 221|0x000000008dd00000, 0x000000008de00000, 0x000000008de00000|100%| E|CS|TAMS 0x000000008dd00000, 0x000000008de00000| Complete 
| 222|0x000000008de00000, 0x000000008df00000, 0x000000008df00000|100%| E|CS|TAMS 0x000000008de00000, 0x000000008df00000| Complete 
| 223|0x000000008df00000, 0x000000008e000000, 0x000000008e000000|100%| E|CS|TAMS 0x000000008df00000, 0x000000008e000000| Complete 
| 224|0x000000008e000000, 0x000000008e100000, 0x000000008e100000|100%| E|CS|TAMS 0x000000008e000000, 0x000000008e100000| Complete 
| 225|0x000000008e100000, 0x000000008e200000, 0x000000008e200000|100%| E|CS|TAMS 0x000000008e100000, 0x000000008e200000| Complete 
| 226|0x000000008e200000, 0x000000008e300000, 0x000000008e300000|100%| E|CS|TAMS 0x000000008e200000, 0x000000008e300000| Complete 
| 227|0x000000008e300000, 0x000000008e400000, 0x000000008e400000|100%| E|CS|TAMS 0x000000008e300000, 0x000000008e400000| Complete 
| 228|0x000000008e400000, 0x000000008e500000, 0x000000008e500000|100%| E|CS|TAMS 0x000000008e400000, 0x000000008e500000| Complete 
| 229|0x000000008e500000, 0x000000008e600000, 0x000000008e600000|100%| E|CS|TAMS 0x000000008e500000, 0x000000008e600000| Complete 
| 230|0x000000008e600000, 0x000000008e700000, 0x000000008e700000|100%| E|CS|TAMS 0x000000008e600000, 0x000000008e700000| Complete 
| 231|0x000000008e700000, 0x000000008e800000, 0x000000008e800000|100%| E|CS|TAMS 0x000000008e700000, 0x000000008e800000| Complete 
| 232|0x000000008e800000, 0x000000008e900000, 0x000000008e900000|100%| E|CS|TAMS 0x000000008e800000, 0x000000008e900000| Complete 
| 233|0x000000008e900000, 0x000000008ea00000, 0x000000008ea00000|100%| E|CS|TAMS 0x000000008e900000, 0x000000008ea00000| Complete 
| 234|0x000000008ea00000, 0x000000008eb00000, 0x000000008eb00000|100%| E|CS|TAMS 0x000000008ea00000, 0x000000008eb00000| Complete 
| 235|0x000000008eb00000, 0x000000008ec00000, 0x000000008ec00000|100%| E|CS|TAMS 0x000000008eb00000, 0x000000008ec00000| Complete 
| 236|0x000000008ec00000, 0x000000008ed00000, 0x000000008ed00000|100%| E|CS|TAMS 0x000000008ec00000, 0x000000008ed00000| Complete 
| 237|0x000000008ed00000, 0x000000008ee00000, 0x000000008ee00000|100%| E|CS|TAMS 0x000000008ed00000, 0x000000008ee00000| Complete 
| 238|0x000000008ee00000, 0x000000008ef00000, 0x000000008ef00000|100%| E|CS|TAMS 0x000000008ee00000, 0x000000008ef00000| Complete 
| 239|0x000000008ef00000, 0x000000008f000000, 0x000000008f000000|100%| E|CS|TAMS 0x000000008ef00000, 0x000000008f000000| Complete 
| 240|0x000000008f000000, 0x000000008f100000, 0x000000008f100000|100%| E|CS|TAMS 0x000000008f000000, 0x000000008f100000| Complete 
| 241|0x000000008f100000, 0x000000008f200000, 0x000000008f200000|100%| E|CS|TAMS 0x000000008f100000, 0x000000008f200000| Complete 
| 242|0x000000008f200000, 0x000000008f300000, 0x000000008f300000|100%| E|CS|TAMS 0x000000008f200000, 0x000000008f300000| Complete 
| 243|0x000000008f300000, 0x000000008f400000, 0x000000008f400000|100%| E|CS|TAMS 0x000000008f300000, 0x000000008f400000| Complete 
| 244|0x000000008f400000, 0x000000008f500000, 0x000000008f500000|100%| E|CS|TAMS 0x000000008f400000, 0x000000008f500000| Complete 
| 245|0x000000008f500000, 0x000000008f600000, 0x000000008f600000|100%| E|CS|TAMS 0x000000008f500000, 0x000000008f600000| Complete 
| 246|0x000000008f600000, 0x000000008f700000, 0x000000008f700000|100%| E|CS|TAMS 0x000000008f600000, 0x000000008f700000| Complete 
| 247|0x000000008f700000, 0x000000008f800000, 0x000000008f800000|100%| E|CS|TAMS 0x000000008f700000, 0x000000008f800000| Complete 
| 248|0x000000008f800000, 0x000000008f900000, 0x000000008f900000|100%| E|CS|TAMS 0x000000008f800000, 0x000000008f900000| Complete 
| 249|0x000000008f900000, 0x000000008fa00000, 0x000000008fa00000|100%| E|CS|TAMS 0x000000008f900000, 0x000000008fa00000| Complete 
| 250|0x000000008fa00000, 0x000000008fb00000, 0x000000008fb00000|100%| E|CS|TAMS 0x000000008fa00000, 0x000000008fb00000| Complete 
| 251|0x000000008fb00000, 0x000000008fc00000, 0x000000008fc00000|100%| E|CS|TAMS 0x000000008fb00000, 0x000000008fc00000| Complete 
| 252|0x000000008fc00000, 0x000000008fd00000, 0x000000008fd00000|100%| E|CS|TAMS 0x000000008fc00000, 0x000000008fd00000| Complete 
| 253|0x000000008fd00000, 0x000000008fe00000, 0x000000008fe00000|100%| E|CS|TAMS 0x000000008fd00000, 0x000000008fe00000| Complete 

Card table byte_map: [0x0000019dd6020000,0x0000019dd6420000] _byte_map_base: 0x0000019dd5c20000

Marking Bits (Prev, Next): (CMBitMap*) 0x0000019dc304fd88, (CMBitMap*) 0x0000019dc304fdc0
 Prev Bits: [0x0000019dd6820000, 0x0000019dd8820000)
 Next Bits: [0x0000019dd8820000, 0x0000019dda820000)

Polling page: 0x0000019dc0fd0000

Metaspace:

Usage:
  Non-class:     35.73 MB capacity,    35.06 MB ( 98%) used,   581.89 KB (  2%) free+waste,   100.13 KB ( <1%) overhead. 
      Class:      5.49 MB capacity,     5.15 MB ( 94%) used,   302.70 KB (  5%) free+waste,    48.38 KB ( <1%) overhead. 
       Both:     41.22 MB capacity,    40.21 MB ( 98%) used,   884.59 KB (  2%) free+waste,   148.50 KB ( <1%) overhead. 

Virtual space:
  Non-class space:       42.00 MB reserved,      35.75 MB ( 85%) committed 
      Class space:        1.00 GB reserved,       5.50 MB ( <1%) committed 
             Both:        1.04 GB reserved,      41.25 MB (  4%) committed 

Chunk freelists:
   Non-Class:  23.00 KB
       Class:  7.00 KB
        Both:  30.00 KB

MaxMetaspaceSize: 17179869184.00 GB
CompressedClassSpaceSize: 1.00 GB

CodeHeap 'non-profiled nmethods': size=120064Kb used=1829Kb max_used=1829Kb free=118234Kb
 bounds [0x0000019dce5d0000, 0x0000019dce840000, 0x0000019dd5b10000]
CodeHeap 'profiled nmethods': size=120000Kb used=7643Kb max_used=7643Kb free=112357Kb
 bounds [0x0000019dc70a0000, 0x0000019dc7820000, 0x0000019dce5d0000]
CodeHeap 'non-nmethods': size=5696Kb used=2201Kb max_used=2224Kb free=3494Kb
 bounds [0x0000019dc6b10000, 0x0000019dc6d80000, 0x0000019dc70a0000]
 total_blobs=4418 nmethods=3648 adapters=680
 compilation: enabled
              stopped_count=0, restarted_count=0
 full_count=0

Compilation events (20 events):
Event: 3.143 Thread 0x0000019ddd92a800 3615       1       java.beans.FeatureDescriptor::setPreferred (6 bytes)
Event: 3.143 Thread 0x0000019ddd92a800 nmethod 3615 0x0000019dce797b90 code [0x0000019dce797d40, 0x0000019dce797df8]
Event: 3.151 Thread 0x0000019ddd92a800 3622       3       sun.reflect.generics.parser.SignatureParser::parseTypeArguments (109 bytes)
Event: 3.152 Thread 0x0000019ddd92a800 nmethod 3622 0x0000019dc77f5e10 code [0x0000019dc77f6120, 0x0000019dc77f7128]
Event: 3.159 Thread 0x0000019ddd92a800 3623       3       org.gradle.internal.reflect.MutableClassDetails::property (41 bytes)
Event: 3.160 Thread 0x0000019ddd92a800 nmethod 3623 0x0000019dc77f7710 code [0x0000019dc77f79a0, 0x0000019dc77f8718]
Event: 3.160 Thread 0x0000019ddd92a800 3625       3       org.gradle.internal.instantiation.generator.AbstractClassGenerator::access$1500 (5 bytes)
Event: 3.160 Thread 0x0000019ddd92a800 nmethod 3625 0x0000019dc77f8b10 code [0x0000019dc77f8cc0, 0x0000019dc77f8dc8]
Event: 3.160 Thread 0x0000019ddd92a800 3626       3       org.gradle.internal.instantiation.generator.AbstractClassGenerator::isLazyAttachProperty (46 bytes)
Event: 3.160 Thread 0x0000019ddd92a800 nmethod 3626 0x0000019dc77f8e90 code [0x0000019dc77f9100, 0x0000019dc77f9b58]
Event: 3.160 Thread 0x0000019ddd92a800 3624       3       org.gradle.internal.instantiation.generator.AbstractClassGenerator::isPropertyType (33 bytes)
Event: 3.160 Thread 0x0000019ddd92a800 nmethod 3624 0x0000019dc77f9e90 code [0x0000019dc77fa080, 0x0000019dc77fa2e8]
Event: 3.163 Thread 0x0000019ddd92a800 3630       3       java.lang.invoke.MethodTypeForm::pack (54 bytes)
Event: 3.163 Thread 0x0000019ddd92a800 nmethod 3630 0x0000019dc77fa410 code [0x0000019dc77fa5c0, 0x0000019dc77fa6d8]
Event: 3.175 Thread 0x0000019ddd92a800 3632       1       org.slf4j.impl.StaticLoggerBinder::getLoggerFactory (5 bytes)
Event: 3.175 Thread 0x0000019ddd92a800 nmethod 3632 0x0000019dce798890 code [0x0000019dce798a40, 0x0000019dce798af8]
Event: 3.184 Thread 0x0000019ddd92a800 3633       1       com.google.common.collect.RegularImmutableSet::size (5 bytes)
Event: 3.184 Thread 0x0000019ddd92a800 nmethod 3633 0x0000019dce798b90 code [0x0000019dce798d40, 0x0000019dce798df8]
Event: 3.184 Thread 0x0000019ddd92a800 3634       3       java.util.ArrayDeque::removeFirst (19 bytes)
Event: 3.184 Thread 0x0000019ddd92a800 nmethod 3634 0x0000019dc77fa790 code [0x0000019dc77fa960, 0x0000019dc77fab98]

GC Heap History (8 events):
Event: 0.467 GC heap before
{Heap before GC invocations=0 (full 0):
 garbage-first heap   total 260096K, used 27648K [0x0000000080000000, 0x0000000100000000)
  region size 1024K, 22 young (22528K), 0 survivors (0K)
 Metaspace       used 9651K, capacity 9896K, committed 10112K, reserved 1058816K
  class space    used 997K, capacity 1069K, committed 1152K, reserved 1048576K
}
Event: 0.472 GC heap after
{Heap after GC invocations=1 (full 0):
 garbage-first heap   total 260096K, used 9435K [0x0000000080000000, 0x0000000100000000)
  region size 1024K, 3 young (3072K), 3 survivors (3072K)
 Metaspace       used 9651K, capacity 9896K, committed 10112K, reserved 1058816K
  class space    used 997K, capacity 1069K, committed 1152K, reserved 1048576K
}
Event: 1.608 GC heap before
{Heap before GC invocations=1 (full 0):
 garbage-first heap   total 260096K, used 106715K [0x0000000080000000, 0x0000000100000000)
  region size 1024K, 99 young (101376K), 3 survivors (3072K)
 Metaspace       used 20566K, capacity 21093K, committed 21248K, reserved 1067008K
  class space    used 2506K, capacity 2699K, committed 2816K, reserved 1048576K
}
Event: 1.621 GC heap after
{Heap after GC invocations=2 (full 0):
 garbage-first heap   total 260096K, used 16885K [0x0000000080000000, 0x0000000100000000)
  region size 1024K, 11 young (11264K), 11 survivors (11264K)
 Metaspace       used 20566K, capacity 21093K, committed 21248K, reserved 1067008K
  class space    used 2506K, capacity 2699K, committed 2816K, reserved 1048576K
}
Event: 1.923 GC heap before
{Heap before GC invocations=3 (full 0):
 garbage-first heap   total 260096K, used 61941K [0x0000000080000000, 0x0000000100000000)
  region size 1024K, 55 young (56320K), 11 survivors (11264K)
 Metaspace       used 25237K, capacity 25808K, committed 26112K, reserved 1071104K
  class space    used 3276K, capacity 3466K, committed 3584K, reserved 1048576K
}
Event: 1.930 GC heap after
{Heap after GC invocations=4 (full 0):
 garbage-first heap   total 260096K, used 18719K [0x0000000080000000, 0x0000000100000000)
  region size 1024K, 3 young (3072K), 3 survivors (3072K)
 Metaspace       used 25237K, capacity 25808K, committed 26112K, reserved 1071104K
  class space    used 3276K, capacity 3466K, committed 3584K, reserved 1048576K
}
Event: 2.700 GC heap before
{Heap before GC invocations=4 (full 0):
 garbage-first heap   total 260096K, used 100639K [0x0000000080000000, 0x0000000100000000)
  region size 1024K, 76 young (77824K), 3 survivors (3072K)
 Metaspace       used 34788K, capacity 35738K, committed 35840K, reserved 1081344K
  class space    used 4544K, capacity 4898K, committed 4992K, reserved 1048576K
}
Event: 2.709 GC heap after
{Heap after GC invocations=5 (full 0):
 garbage-first heap   total 260096K, used 34800K [0x0000000080000000, 0x0000000100000000)
  region size 1024K, 9 young (9216K), 9 survivors (9216K)
 Metaspace       used 34788K, capacity 35738K, committed 35840K, reserved 1081344K
  class space    used 4544K, capacity 4898K, committed 4992K, reserved 1048576K
}

Deoptimization events (20 events):
Event: 3.055 Thread 0x0000019de12fa000 Uncommon trap: trap_request=0xffffff4d fr.pc=0x0000019dce6a6c08 relative=0x00000000000005a8
Event: 3.055 Thread 0x0000019de12fa000 Uncommon trap: reason=unstable_if action=reinterpret pc=0x0000019dce6a6c08 method=java.lang.StringLatin1.regionMatchesCI([BI[BII)Z @ 66 c2
Event: 3.055 Thread 0x0000019de12fa000 DEOPT PACKING pc=0x0000019dce6a6c08 sp=0x0000004c168fe660
Event: 3.055 Thread 0x0000019de12fa000 DEOPT UNPACKING pc=0x0000019dc6b3662f sp=0x0000004c168fe560 mode 2
Event: 3.060 Thread 0x0000019de12fa000 Uncommon trap: trap_request=0xffffff4d fr.pc=0x0000019dce6a5f4c relative=0x000000000000040c
Event: 3.060 Thread 0x0000019de12fa000 Uncommon trap: reason=unstable_if action=reinterpret pc=0x0000019dce6a5f4c method=java.lang.StringLatin1.regionMatchesCI([BI[BII)Z @ 66 c2
Event: 3.060 Thread 0x0000019de12fa000 DEOPT PACKING pc=0x0000019dce6a5f4c sp=0x0000004c168fe560
Event: 3.060 Thread 0x0000019de12fa000 DEOPT UNPACKING pc=0x0000019dc6b3662f sp=0x0000004c168fe4f0 mode 2
Event: 3.150 Thread 0x0000019ddef2e800 Uncommon trap: trap_request=0xffffffbe fr.pc=0x0000019dce768e34 relative=0x00000000000009f4
Event: 3.150 Thread 0x0000019ddef2e800 Uncommon trap: reason=profile_predicate action=maybe_recompile pc=0x0000019dce768e34 method=java.util.stream.ReferencePipeline.forEachWithCancel(Ljava/util/Spliterator;Ljava/util/stream/Sink;)Z @ 8 c2
Event: 3.150 Thread 0x0000019ddef2e800 DEOPT PACKING pc=0x0000019dce768e34 sp=0x0000004c159f5b40
Event: 3.150 Thread 0x0000019ddef2e800 DEOPT UNPACKING pc=0x0000019dc6b3662f sp=0x0000004c159f5b10 mode 2
Event: 3.150 Thread 0x0000019ddef2e800 Uncommon trap: trap_request=0xffffffbe fr.pc=0x0000019dce768e34 relative=0x00000000000009f4
Event: 3.150 Thread 0x0000019ddef2e800 Uncommon trap: reason=profile_predicate action=maybe_recompile pc=0x0000019dce768e34 method=java.util.stream.ReferencePipeline.forEachWithCancel(Ljava/util/Spliterator;Ljava/util/stream/Sink;)Z @ 8 c2
Event: 3.150 Thread 0x0000019ddef2e800 DEOPT PACKING pc=0x0000019dce768e34 sp=0x0000004c159f5b40
Event: 3.150 Thread 0x0000019ddef2e800 DEOPT UNPACKING pc=0x0000019dc6b3662f sp=0x0000004c159f5b10 mode 2
Event: 3.150 Thread 0x0000019ddef2e800 Uncommon trap: trap_request=0xffffffbe fr.pc=0x0000019dce768e34 relative=0x00000000000009f4
Event: 3.150 Thread 0x0000019ddef2e800 Uncommon trap: reason=profile_predicate action=maybe_recompile pc=0x0000019dce768e34 method=java.util.stream.ReferencePipeline.forEachWithCancel(Ljava/util/Spliterator;Ljava/util/stream/Sink;)Z @ 8 c2
Event: 3.150 Thread 0x0000019ddef2e800 DEOPT PACKING pc=0x0000019dce768e34 sp=0x0000004c159f59f0
Event: 3.150 Thread 0x0000019ddef2e800 DEOPT UNPACKING pc=0x0000019dc6b3662f sp=0x0000004c159f59c0 mode 2

Classes redefined (0 events):
No events

Internal exceptions (20 events):
Event: 2.995 Thread 0x0000019ddef2e800 Exception <a 'java/lang/ClassNotFoundException'{0x000000008d579df8}: groovy/lang/Closure$1BeanInfo> (0x000000008d579df8) thrown at [./src/hotspot/share/classfile/systemDictionary.cpp, line 231]
Event: 2.996 Thread 0x0000019ddef2e800 Exception <a 'java/lang/ClassNotFoundException'{0x000000008d5ab820}: groovy/lang/ClosureBeanInfo> (0x000000008d5ab820) thrown at [./src/hotspot/share/classfile/systemDictionary.cpp, line 231]
Event: 2.996 Thread 0x0000019ddef2e800 Exception <a 'java/lang/ClassNotFoundException'{0x000000008d5dcb00}: groovy/lang/ClosureCustomizer> (0x000000008d5dcb00) thrown at [./src/hotspot/share/classfile/systemDictionary.cpp, line 231]
Event: 2.998 Thread 0x0000019ddef2e800 Exception <a 'java/lang/ClassNotFoundException'{0x000000008d42fe18}: groovy/lang/Closure$1Customizer> (0x000000008d42fe18) thrown at [./src/hotspot/share/classfile/systemDictionary.cpp, line 231]
Event: 3.032 Thread 0x0000019de12fa000 Exception <a 'sun/nio/fs/WindowsException'{0x000000008d30a620}> (0x000000008d30a620) thrown at [./src/hotspot/share/prims/jni.cpp, line 615]
Event: 3.066 Thread 0x0000019de12fa000 Exception <a 'sun/nio/fs/WindowsException'{0x000000008d2861c8}> (0x000000008d2861c8) thrown at [./src/hotspot/share/prims/jni.cpp, line 615]
Event: 3.067 Thread 0x0000019de12fa000 Exception <a 'sun/nio/fs/WindowsException'{0x000000008d2863d0}> (0x000000008d2863d0) thrown at [./src/hotspot/share/prims/jni.cpp, line 615]
Event: 3.074 Thread 0x0000019ddef2e800 Exception <a 'java/lang/ClassNotFoundException'{0x000000008d12d3b8}: sync_studio_tooling802_5unfv8wqnl3xii07wtirl3p0jBeanInfo> (0x000000008d12d3b8) thrown at [./src/hotspot/share/classfile/systemDictionary.cpp, line 231]
Event: 3.074 Thread 0x0000019ddef2e800 Exception <a 'java/lang/ClassNotFoundException'{0x000000008d139968}: sync_studio_tooling802_5unfv8wqnl3xii07wtirl3p0jCustomizer> (0x000000008d139968) thrown at [./src/hotspot/share/classfile/systemDictionary.cpp, line 231]
Event: 3.079 Thread 0x0000019ddef2e800 Exception <a 'java/lang/ClassNotFoundException'{0x000000008d02da38}: org/gradle/internal/metaobject/ConfigureDelegateBeanInfo> (0x000000008d02da38) thrown at [./src/hotspot/share/classfile/systemDictionary.cpp, line 231]
Event: 3.080 Thread 0x0000019ddef2e800 Exception <a 'java/lang/ClassNotFoundException'{0x000000008d0519f0}: org/gradle/internal/metaobject/ConfigureDelegateCustomizer> (0x000000008d0519f0) thrown at [./src/hotspot/share/classfile/systemDictionary.cpp, line 231]
Event: 3.083 Thread 0x0000019ddef2e800 Exception <a 'java/lang/ClassNotFoundException'{0x000000008d0c5680}: org/gradle/api/internal/initialization/DefaultScriptHandlerBeanInfo> (0x000000008d0c5680) thrown at [./src/hotspot/share/classfile/systemDictionary.cpp, line 231]
Event: 3.083 Thread 0x0000019ddef2e800 Exception <a 'java/lang/ClassNotFoundException'{0x000000008d0ed648}: org/gradle/api/internal/initialization/DefaultScriptHandlerCustomizer> (0x000000008d0ed648) thrown at [./src/hotspot/share/classfile/systemDictionary.cpp, line 231]
Event: 3.138 Thread 0x0000019ddef2e800 Exception <a 'java/lang/ClassNotFoundException'{0x000000008c8ea078}: org/gradle/api/internal/artifacts/dsl/dependencies/DefaultDependencyHandler_DecoratedBeanInfo> (0x000000008c8ea078) thrown at [./src/hotspot/share/classfile/systemDictionary.cpp, line 231]
Event: 3.138 Thread 0x0000019ddef2e800 Exception <a 'java/lang/ClassNotFoundException'{0x000000008c7268d0}: org/gradle/api/internal/artifacts/dsl/dependencies/DefaultDependencyHandlerBeanInfo> (0x000000008c7268d0) thrown at [./src/hotspot/share/classfile/systemDictionary.cpp, line 231]
Event: 3.139 Thread 0x0000019ddef2e800 Exception <a 'java/lang/ClassNotFoundException'{0x000000008c762df8}: org/gradle/api/internal/artifacts/dsl/dependencies/DefaultDependencyHandlerCustomizer> (0x000000008c762df8) thrown at [./src/hotspot/share/classfile/systemDictionary.cpp, line 231]
Event: 3.140 Thread 0x0000019ddef2e800 Exception <a 'java/lang/ClassNotFoundException'{0x000000008c7c8c90}: org/gradle/api/internal/artifacts/dsl/dependencies/DefaultDependencyHandler_DecoratedCustomizer> (0x000000008c7c8c90) thrown at [./src/hotspot/share/classfile/systemDictionary.cpp, line 231]
Event: 3.150 Thread 0x0000019ddef2e800 Exception <a 'java/lang/NoSuchMethodError'{0x000000008c6a94b0}: 'int java.lang.invoke.DirectMethodHandle$Holder.invokeVirtual(java.lang.Object, java.lang.Object)'> (0x000000008c6a94b0) thrown at [./src/hotspot/share/interpreter/linkResolver.cpp, line 773]
Event: 3.163 Thread 0x0000019ddef2e800 Exception <a 'java/lang/NoSuchMethodError'{0x000000008c5ac718}: 'java.lang.Object java.lang.invoke.DirectMethodHandle$Holder.invokeStatic(java.lang.Object, java.lang.Object, int, java.lang.Object)'> (0x000000008c5ac718) thrown at [./src/hotspot/share/interpreter/linkResolver.cpp, line 773]
Event: 3.163 Thread 0x0000019ddef2e800 Exception <a 'java/lang/NoSuchMethodError'{0x000000008c5b3708}: 'java.lang.Object java.lang.invoke.Invokers$Holder.linkToTargetMethod(java.lang.Object, int, java.lang.Object, java.lang.Object)'> (0x000000008c5b3708) thrown at [./src/hotspot/share/interpreter/linkResolver.cpp, line 773]

Events (20 events):
Event: 3.180 loading class org/gradle/api/internal/artifacts/ivyservice/resolveengine/result/ComponentSelectorSerializer
Event: 3.180 loading class org/gradle/api/internal/artifacts/ivyservice/resolveengine/result/ComponentSelectorSerializer done
Event: 3.181 loading class org/gradle/api/internal/artifacts/ImmutableVersionConstraint
Event: 3.181 loading class org/gradle/api/internal/artifacts/ImmutableVersionConstraint done
Event: 3.181 loading class org/gradle/api/internal/artifacts/ivyservice/resolveengine/result/ComponentSelectorSerializer$OptimizingAttributeContainerSerializer
Event: 3.181 loading class org/gradle/api/internal/artifacts/ivyservice/resolveengine/result/ComponentSelectorSerializer$OptimizingAttributeContainerSerializer done
Event: 3.182 loading class org/gradle/api/internal/artifacts/ivyservice/resolveengine/projectresult/ResolvedLocalComponentsResultGraphVisitor
Event: 3.182 loading class org/gradle/api/internal/artifacts/ivyservice/resolveengine/projectresult/ResolvedLocalComponentsResultGraphVisitor done
Event: 3.182 loading class org/gradle/api/internal/artifacts/ivyservice/resolutionstrategy/DefaultCapabilitiesResolution
Event: 3.182 loading class org/gradle/api/internal/artifacts/ivyservice/resolutionstrategy/DefaultCapabilitiesResolution done
Event: 3.182 loading class org/gradle/api/internal/artifacts/ivyservice/resolutionstrategy/CapabilitiesResolutionInternal
Event: 3.182 loading class org/gradle/api/internal/artifacts/ivyservice/resolutionstrategy/CapabilitiesResolutionInternal done
Event: 3.183 loading class org/gradle/api/artifacts/CapabilitiesResolution
Event: 3.183 loading class org/gradle/api/artifacts/CapabilitiesResolution done
Event: 3.184 loading class org/gradle/api/internal/artifacts/ivyservice/resolveengine/graph/conflicts/CapabilitiesConflictHandler$ResolutionDetails
Event: 3.184 loading class org/gradle/api/internal/artifacts/ivyservice/resolveengine/graph/conflicts/CapabilitiesConflictHandler$ResolutionDetails done
Event: 3.184 loading class org/gradle/api/internal/artifacts/ivyservice/resolveengine/graph/conflicts/ConflictResolutionResult
Event: 3.184 loading class org/gradle/api/internal/artifacts/ivyservice/resolveengine/graph/conflicts/ConflictResolutionResult done
Event: 3.184 loading class org/gradle/internal/component/external/model/ImmutableCapability
Event: 3.184 loading class org/gradle/internal/component/external/model/ImmutableCapability done


Dynamic libraries:
0x00007ff611350000 - 0x00007ff61135a000 	C:\Program Files\Android\Android Studio\jre\bin\java.exe
0x00007ffb203e0000 - 0x00007ffb205e9000 	C:\WINDOWS\SYSTEM32\ntdll.dll
0x00007ffb1fcc0000 - 0x00007ffb1fd7d000 	C:\WINDOWS\System32\KERNEL32.DLL
0x00007ffb1ddf0000 - 0x00007ffb1e164000 	C:\WINDOWS\System32\KERNELBASE.dll
0x00007ffb1da40000 - 0x00007ffb1db51000 	C:\WINDOWS\System32\ucrtbase.dll
0x00007ffb164c0000 - 0x00007ffb164d9000 	C:\Program Files\Android\Android Studio\jre\bin\jli.dll
0x00007ffb164a0000 - 0x00007ffb164b7000 	C:\Program Files\Android\Android Studio\jre\bin\VCRUNTIME140.dll
0x00007ffb1fa90000 - 0x00007ffb1fc3c000 	C:\WINDOWS\System32\USER32.dll
0x00007ffb1d950000 - 0x00007ffb1d976000 	C:\WINDOWS\System32\win32u.dll
0x00007ffb05640000 - 0x00007ffb058e5000 	C:\WINDOWS\WinSxS\amd64_microsoft.windows.common-controls_6595b64144ccf1df_6.0.22000.120_none_9d947278b86cc467\COMCTL32.dll
0x00007ffb1fec0000 - 0x00007ffb1fee9000 	C:\WINDOWS\System32\GDI32.dll
0x00007ffb1f0f0000 - 0x00007ffb1f193000 	C:\WINDOWS\System32\msvcrt.dll
0x00007ffb1dcd0000 - 0x00007ffb1dde2000 	C:\WINDOWS\System32\gdi32full.dll
0x00007ffb1e170000 - 0x00007ffb1e20d000 	C:\WINDOWS\System32\msvcp_win.dll
0x00007ffb1ee30000 - 0x00007ffb1ee61000 	C:\WINDOWS\System32\IMM32.DLL
0x00007ffb0dff0000 - 0x00007ffb0e08d000 	C:\Program Files\Android\Android Studio\jre\bin\msvcp140.dll
0x00007ffadc050000 - 0x00007ffadcb25000 	C:\Program Files\Android\Android Studio\jre\bin\server\jvm.dll
0x00007ffb202f0000 - 0x00007ffb2039e000 	C:\WINDOWS\System32\ADVAPI32.dll
0x00007ffb1ff60000 - 0x00007ffb1fffe000 	C:\WINDOWS\System32\sechost.dll
0x00007ffb1fda0000 - 0x00007ffb1fec0000 	C:\WINDOWS\System32\RPCRT4.dll
0x00007ffb1ff50000 - 0x00007ffb1ff58000 	C:\WINDOWS\System32\PSAPI.DLL
0x00007ffb0a7c0000 - 0x00007ffb0a7f3000 	C:\WINDOWS\SYSTEM32\WINMM.dll
0x00007ffb1a1b0000 - 0x00007ffb1a1b9000 	C:\WINDOWS\SYSTEM32\WSOCK32.dll
0x00007ffb18bf0000 - 0x00007ffb18bfa000 	C:\WINDOWS\SYSTEM32\VERSION.dll
0x00007ffb20110000 - 0x00007ffb2017f000 	C:\WINDOWS\System32\WS2_32.dll
0x00007ffb1c9d0000 - 0x00007ffb1c9e8000 	C:\WINDOWS\SYSTEM32\kernel.appcore.dll
0x00007ffb19af0000 - 0x00007ffb19b01000 	C:\Program Files\Android\Android Studio\jre\bin\verify.dll
0x00007ffb0aa60000 - 0x00007ffb0ac81000 	C:\WINDOWS\SYSTEM32\DBGHELP.DLL
0x00007ffb0a250000 - 0x00007ffb0a281000 	C:\WINDOWS\SYSTEM32\dbgcore.DLL
0x00007ffb1d8d0000 - 0x00007ffb1d94f000 	C:\WINDOWS\System32\bcryptPrimitives.dll
0x00007ffb196b0000 - 0x00007ffb196d9000 	C:\Program Files\Android\Android Studio\jre\bin\java.dll
0x00007ffb1a090000 - 0x00007ffb1a09b000 	C:\Program Files\Android\Android Studio\jre\bin\jimage.dll
0x00007ffb162e0000 - 0x00007ffb162f8000 	C:\Program Files\Android\Android Studio\jre\bin\zip.dll
0x00007ffb1e500000 - 0x00007ffb1ecae000 	C:\WINDOWS\System32\SHELL32.dll
0x00007ffb1ba40000 - 0x00007ffb1c2a8000 	C:\WINDOWS\SYSTEM32\windows.storage.dll
0x00007ffb1f290000 - 0x00007ffb1f608000 	C:\WINDOWS\System32\combase.dll
0x00007ffb1b8d0000 - 0x00007ffb1ba36000 	C:\WINDOWS\SYSTEM32\wintypes.dll
0x00007ffb1f1a0000 - 0x00007ffb1f28a000 	C:\WINDOWS\System32\SHCORE.dll
0x00007ffb1fef0000 - 0x00007ffb1ff4d000 	C:\WINDOWS\System32\shlwapi.dll
0x00007ffb1d800000 - 0x00007ffb1d821000 	C:\WINDOWS\SYSTEM32\profapi.dll
0x00007ffb117a0000 - 0x00007ffb117ba000 	C:\Program Files\Android\Android Studio\jre\bin\net.dll
0x00007ffb18320000 - 0x00007ffb1842c000 	C:\WINDOWS\SYSTEM32\WINHTTP.dll
0x00007ffb1ce00000 - 0x00007ffb1ce67000 	C:\WINDOWS\system32\mswsock.dll
0x00007ffb0df30000 - 0x00007ffb0df44000 	C:\Program Files\Android\Android Studio\jre\bin\nio.dll
0x00007ffb1a160000 - 0x00007ffb1a187000 	C:\Users\user\.gradle\native\8bec1ad78214c89d9ad589b4d07fe93259594b29d510b10fafb7a158f7737e5d\windows-amd64\native-platform.dll
0x00007ffaf8930000 - 0x00007ffaf8a6d000 	C:\Users\user\.gradle\native\53dbd7edfb1c66fb8903c78663c9afc45aea4f116125fa6feffd364cf09443e8\windows-amd64\native-platform-file-events.dll
0x00007ffb19ae0000 - 0x00007ffb19aea000 	C:\Program Files\Android\Android Studio\jre\bin\management.dll
0x00007ffb196a0000 - 0x00007ffb196ad000 	C:\Program Files\Android\Android Studio\jre\bin\management_ext.dll
0x00007ffb1d040000 - 0x00007ffb1d058000 	C:\WINDOWS\SYSTEM32\CRYPTSP.dll
0x00007ffb1c930000 - 0x00007ffb1c965000 	C:\WINDOWS\system32\rsaenh.dll
0x00007ffb1cef0000 - 0x00007ffb1cf19000 	C:\WINDOWS\SYSTEM32\USERENV.dll
0x00007ffb1d1c0000 - 0x00007ffb1d1e7000 	C:\WINDOWS\SYSTEM32\bcrypt.dll
0x00007ffb1d060000 - 0x00007ffb1d06c000 	C:\WINDOWS\SYSTEM32\CRYPTBASE.dll
0x00007ffb1c500000 - 0x00007ffb1c52d000 	C:\WINDOWS\SYSTEM32\IPHLPAPI.DLL
0x00007ffb1f030000 - 0x00007ffb1f039000 	C:\WINDOWS\System32\NSI.dll
0x00007ffb17d70000 - 0x00007ffb17d89000 	C:\WINDOWS\SYSTEM32\dhcpcsvc6.DLL
0x00007ffb190c0000 - 0x00007ffb190de000 	C:\WINDOWS\SYSTEM32\dhcpcsvc.DLL
0x00007ffb1c530000 - 0x00007ffb1c617000 	C:\WINDOWS\SYSTEM32\DNSAPI.dll

dbghelp: loaded successfully - version: 4.0.5 - missing functions: none
symbol engine: initialized successfully - sym options: 0x614 - pdb path: .;C:\Program Files\Android\Android Studio\jre\bin;C:\WINDOWS\SYSTEM32;C:\WINDOWS\WinSxS\amd64_microsoft.windows.common-controls_6595b64144ccf1df_6.0.22000.120_none_9d947278b86cc467;C:\Program Files\Android\Android Studio\jre\bin\server;C:\Users\user\.gradle\native\8bec1ad78214c89d9ad589b4d07fe93259594b29d510b10fafb7a158f7737e5d\windows-amd64;C:\Users\user\.gradle\native\53dbd7edfb1c66fb8903c78663c9afc45aea4f116125fa6feffd364cf09443e8\windows-amd64

VM Arguments:
jvm_args: --add-opens=java.base/java.util=ALL-UNNAMED --add-opens=java.base/java.lang=ALL-UNNAMED --add-opens=java.base/java.lang.invoke=ALL-UNNAMED --add-opens=java.base/java.util=ALL-UNNAMED --add-opens=java.prefs/java.util.prefs=ALL-UNNAMED --add-opens=java.prefs/java.util.prefs=ALL-UNNAMED --add-opens=java.base/java.nio.charset=ALL-UNNAMED --add-opens=java.base/java.net=ALL-UNNAMED --add-opens=java.base/java.util.concurrent.atomic=ALL-UNNAMED -Xmx2048M -Dfile.encoding=windows-1252 -Duser.country=US -Duser.language=en -Duser.variant 
java_command: org.gradle.launcher.daemon.bootstrap.GradleDaemon 7.0.2
java_class_path (initial): C:\Users\user\.gradle\wrapper\dists\gradle-7.0.2-all\7era6s5ay7zsbhuvl0oc9g94s\gradle-7.0.2\lib\gradle-launcher-7.0.2.jar
Launcher Type: SUN_STANDARD

[Global flags]
     intx CICompilerCount                          = 3                                         {product} {ergonomic}
     uint ConcGCThreads                            = 2                                         {product} {ergonomic}
     uint G1ConcRefinementThreads                  = 6                                         {product} {ergonomic}
   size_t G1HeapRegionSize                         = 1048576                                   {product} {ergonomic}
    uintx GCDrainStackTargetSize                   = 64                                        {product} {ergonomic}
   size_t InitialHeapSize                          = 266338304                                 {product} {ergonomic}
   size_t MarkStackSize                            = 4194304                                   {product} {ergonomic}
   size_t MaxHeapSize                              = 2147483648                                {product} {command line}
   size_t MaxNewSize                               = 1287651328                                {product} {ergonomic}
   size_t MinHeapDeltaBytes                        = 1048576                                   {product} {ergonomic}
    uintx NonNMethodCodeHeapSize                   = 5830732                                {pd product} {ergonomic}
    uintx NonProfiledCodeHeapSize                  = 122913754                              {pd product} {ergonomic}
    uintx ProfiledCodeHeapSize                     = 122913754                              {pd product} {ergonomic}
    uintx ReservedCodeCacheSize                    = 251658240                              {pd product} {ergonomic}
     bool SegmentedCodeCache                       = true                                      {product} {ergonomic}
     bool UseCompressedClassPointers               = true                                 {lp64_product} {ergonomic}
     bool UseCompressedOops                        = true                                 {lp64_product} {ergonomic}
     bool UseG1GC                                  = true                                      {product} {ergonomic}
     bool UseLargePagesIndividualAllocation        = false                                  {pd product} {ergonomic}

Logging:
Log output configuration:
 #0: stdout all=warning uptime,level,tags
 #1: stderr all=off uptime,level,tags

Environment Variables:
PATH=C:\WINDOWS\system32;C:\WINDOWS;C:\WINDOWS\System32\Wbem;C:\WINDOWS\System32\WindowsPowerShell\v1.0\;C:\WINDOWS\System32\OpenSSH\;C:\Program Files (x86)\Microsoft SQL Server\150\DTS\Binn\;C:\Program Files\Azure Data Studio\bin;C:\Users\user\AppData\Local\Microsoft\WindowsApps;;C:\Program Files\Azure Data Studio\bin
USERNAME=user
OS=Windows_NT
PROCESSOR_IDENTIFIER=Intel64 Family 6 Model 158 Stepping 13, GenuineIntel



---------------  S Y S T E M  ---------------

OS: Windows 10 , 64 bit Build 22000 (10.0.22000.434)
OS uptime: 0 days 2:59 hours

CPU:total 6 (initial active 6) (6 cores per cpu, 1 threads per core) family 6 model 158 stepping 13 microcode 0xde, cmov, cx8, fxsr, mmx, sse, sse2, sse3, ssse3, sse4.1, sse4.2, popcnt, avx, avx2, aes, clmul, erms, 3dnowpref, lzcnt, tsc, tscinvbit, bmi1, bmi2, adx, fma

Memory: 4k page, system-wide physical 16195M (1231M free)
TotalPageFile size 35847M (AvailPageFile size 4M)
current process WorkingSet (physical memory assigned to process): 294M, peak: 294M
current process commit charge ("private bytes"): 443M, peak: 444M

vm_info: OpenJDK 64-Bit Server VM (11.0.11+9-b60-7590822) for windows-amd64 JRE (11.0.11+9-b60-7590822), built on Jul 29 2021 21:43:44 by "builder" with MS VC++ 14.0 (VS2015)

END.
