#
# There is insufficient memory for the Java Runtime Environment to continue.
# Native memory allocation (malloc) failed to allocate 722256 bytes for Chunk::new
# Possible reasons:
#   The system is out of physical RAM or swap space
#   The process is running with CompressedOops enabled, and the Java Heap may be blocking the growth of the native heap
# Possible solutions:
#   Reduce memory load on the system
#   Increase physical memory or swap space
#   Check if swap backing store is full
#   Decrease Java heap size (-Xmx/-Xms)
#   Decrease number of Java threads
#   Decrease Java thread stack sizes (-Xss)
#   Set larger code cache with -XX:ReservedCodeCacheSize=
#   JVM is running with Unscaled Compressed Oops mode in which the Java heap is
#     placed in the first 4GB address space. The Java Heap base address is the
#     maximum limit for the native heap growth. Please use -XX:HeapBaseMinAddress
#     to set the Java Heap base and to place the Java Heap above 4GB virtual address.
# This output file may be truncated or incomplete.
#
#  Out of Memory Error (./src/hotspot/share/memory/arena.cpp:197), pid=14048, tid=4264
#
# JRE version: OpenJDK Runtime Environment (11.0.11+9) (build 11.0.11+9-b60-7590822)
# Java VM: OpenJDK 64-Bit Server VM (11.0.11+9-b60-7590822, mixed mode, tiered, compressed oops, g1 gc, windows-amd64)
# No core dump will be written. Minidumps are not enabled by default on client versions of Windows
#

---------------  S U M M A R Y ------------

Command Line: --add-opens=java.base/java.util=ALL-UNNAMED --add-opens=java.base/java.lang=ALL-UNNAMED --add-opens=java.base/java.lang.invoke=ALL-UNNAMED --add-opens=java.base/java.util=ALL-UNNAMED --add-opens=java.prefs/java.util.prefs=ALL-UNNAMED --add-opens=java.prefs/java.util.prefs=ALL-UNNAMED --add-opens=java.base/java.nio.charset=ALL-UNNAMED --add-opens=java.base/java.net=ALL-UNNAMED --add-opens=java.base/java.util.concurrent.atomic=ALL-UNNAMED -Xmx2048M -Dfile.encoding=windows-1252 -Duser.country=US -Duser.language=en -Duser.variant org.gradle.launcher.daemon.bootstrap.GradleDaemon 7.0.2

Host: Intel(R) Core(TM) i5-9400 CPU @ 2.90GHz, 6 cores, 15G,  Windows 10 , 64 bit Build 22000 (10.0.22000.434)
Time: Fri Mar 25 12:36:29 2022 India Standard Time elapsed time: 1.565956 seconds (0d 0h 0m 1s)

---------------  T H R E A D  ---------------

Current thread (0x0000018122b50000):  JavaThread "C2 CompilerThread1" daemon [_thread_in_native, id=4264, stack(0x0000004122600000,0x0000004122700000)]


Current CompileTask:
C2:   1565 1941   !   4       java.lang.ClassLoader::loadClass (122 bytes)

Stack: [0x0000004122600000,0x0000004122700000]
Native frames: (J=compiled Java code, j=interpreted, Vv=VM code, C=native code)
V  [jvm.dll+0x5f214a]
V  [jvm.dll+0x726fb5]
V  [jvm.dll+0x7285cd]
V  [jvm.dll+0x728c83]
V  [jvm.dll+0x243278]
V  [jvm.dll+0xbc53c]
V  [jvm.dll+0xbca3c]
V  [jvm.dll+0x2b5c34]
V  [jvm.dll+0x508488]
V  [jvm.dll+0x203d53]
V  [jvm.dll+0x1fdbac]
V  [jvm.dll+0x1fb35f]
V  [jvm.dll+0x183d6c]
V  [jvm.dll+0x209a57]
V  [jvm.dll+0x2082a1]
V  [jvm.dll+0x6ef58f]
V  [jvm.dll+0x6e80b5]
V  [jvm.dll+0x5f1036]
C  [ucrtbase.dll+0x26c0c]
C  [KERNEL32.DLL+0x154e0]
C  [ntdll.dll+0x485b]


---------------  P R O C E S S  ---------------

Threads class SMR info:
_java_thread_list=0x0000018124bd6ce0, length=24, elements={
0x0000018107d6c000, 0x0000018122615000, 0x0000018122620800, 0x0000018122678800,
0x0000018122679800, 0x000001812267d000, 0x000001812267f800, 0x0000018122681000,
0x0000018122684000, 0x00000181227ec800, 0x0000018122b50000, 0x0000018124f11000,
0x0000018124f11800, 0x0000018124f12800, 0x0000018124f0c800, 0x0000018124f13800,
0x0000018124f0d800, 0x0000018124f0e800, 0x0000018124f0f000, 0x0000018124f10000,
0x0000018124052800, 0x0000018124053000, 0x0000018124054800, 0x0000018124050800
}

Java Threads: ( => current thread )
  0x0000018107d6c000 JavaThread "main" [_thread_blocked, id=14216, stack(0x0000004121500000,0x0000004121600000)]
  0x0000018122615000 JavaThread "Reference Handler" daemon [_thread_blocked, id=14160, stack(0x0000004121c00000,0x0000004121d00000)]
  0x0000018122620800 JavaThread "Finalizer" daemon [_thread_blocked, id=14164, stack(0x0000004121d00000,0x0000004121e00000)]
  0x0000018122678800 JavaThread "Signal Dispatcher" daemon [_thread_blocked, id=14148, stack(0x0000004121e00000,0x0000004121f00000)]
  0x0000018122679800 JavaThread "Attach Listener" daemon [_thread_blocked, id=14036, stack(0x0000004121f00000,0x0000004122000000)]
  0x000001812267d000 JavaThread "Service Thread" daemon [_thread_blocked, id=14028, stack(0x0000004122000000,0x0000004122100000)]
  0x000001812267f800 JavaThread "C2 CompilerThread0" daemon [_thread_blocked, id=14076, stack(0x0000004122100000,0x0000004122200000)]
  0x0000018122681000 JavaThread "C1 CompilerThread0" daemon [_thread_in_native, id=10832, stack(0x0000004122200000,0x0000004122300000)]
  0x0000018122684000 JavaThread "Sweeper thread" daemon [_thread_blocked, id=13760, stack(0x0000004122300000,0x0000004122400000)]
  0x00000181227ec800 JavaThread "Common-Cleaner" daemon [_thread_blocked, id=7320, stack(0x0000004122400000,0x0000004122500000)]
=>0x0000018122b50000 JavaThread "C2 CompilerThread1" daemon [_thread_in_native, id=4264, stack(0x0000004122600000,0x0000004122700000)]
  0x0000018124f11000 JavaThread "Daemon health stats" [_thread_blocked, id=7740, stack(0x0000004122c00000,0x0000004122d00000)]
  0x0000018124f11800 JavaThread "Incoming local TCP Connector on port 53520" [_thread_in_native, id=7656, stack(0x0000004122d00000,0x0000004122e00000)]
  0x0000018124f12800 JavaThread "Daemon periodic checks" [_thread_blocked, id=8544, stack(0x0000004122e00000,0x0000004122f00000)]
  0x0000018124f0c800 JavaThread "Daemon" [_thread_blocked, id=12560, stack(0x0000004122f00000,0x0000004123000000)]
  0x0000018124f13800 JavaThread "Handler for socket connection from /127.0.0.1:53520 to /127.0.0.1:53521" [_thread_in_native, id=13948, stack(0x0000004123000000,0x0000004123100000)]
  0x0000018124f0d800 JavaThread "Cancel handler" [_thread_blocked, id=4948, stack(0x0000004123100000,0x0000004123200000)]
  0x0000018124f0e800 JavaThread "Daemon worker" [_thread_in_native, id=10248, stack(0x0000004123200000,0x0000004123300000)]
  0x0000018124f0f000 JavaThread "Asynchronous log dispatcher for DefaultDaemonConnection: socket connection from /127.0.0.1:53520 to /127.0.0.1:53521" [_thread_blocked, id=2864, stack(0x0000004123300000,0x0000004123400000)]
  0x0000018124f10000 JavaThread "Stdin handler" [_thread_blocked, id=4240, stack(0x0000004123400000,0x0000004123500000)]
  0x0000018124052800 JavaThread "Daemon client event forwarder" [_thread_blocked, id=13356, stack(0x0000004123500000,0x0000004123600000)]
  0x0000018124053000 JavaThread "Cache worker for file hash cache (C:\Users\user\.gradle\caches\7.0.2\fileHashes)" [_thread_blocked, id=9860, stack(0x0000004123600000,0x0000004123700000)]
  0x0000018124054800 JavaThread "File lock request listener" [_thread_in_native, id=13392, stack(0x0000004123700000,0x0000004123800000)]
  0x0000018124050800 JavaThread "Cache worker for journal cache (C:\Users\user\.gradle\caches\journal-1)" [_thread_blocked, id=13656, stack(0x0000004123900000,0x0000004123a00000)]

Other Threads:
  0x0000018122613800 VMThread "VM Thread" [stack: 0x0000004121b00000,0x0000004121c00000] [id=14184]
  0x0000018122808000 WatcherThread [stack: 0x0000004122500000,0x0000004122600000] [id=13936]
  0x0000018107d83800 GCTaskThread "GC Thread#0" [stack: 0x0000004121600000,0x0000004121700000] [id=14220]
  0x000001812358d000 GCTaskThread "GC Thread#1" [stack: 0x0000004122700000,0x0000004122800000] [id=1884]
  0x00000181236b8800 GCTaskThread "GC Thread#2" [stack: 0x0000004122800000,0x0000004122900000] [id=2596]
  0x0000018122fbe000 GCTaskThread "GC Thread#3" [stack: 0x0000004122900000,0x0000004122a00000] [id=13980]
  0x0000018123743800 GCTaskThread "GC Thread#4" [stack: 0x0000004122a00000,0x0000004122b00000] [id=4720]
  0x000001812390e000 GCTaskThread "GC Thread#5" [stack: 0x0000004122b00000,0x0000004122c00000] [id=7440]
  0x0000018107db6000 ConcurrentGCThread "G1 Main Marker" [stack: 0x0000004121700000,0x0000004121800000] [id=14224]
  0x0000018107db7800 ConcurrentGCThread "G1 Conc#0" [stack: 0x0000004121800000,0x0000004121900000] [id=14228]
  0x0000018125011800 ConcurrentGCThread "G1 Conc#1" [stack: 0x0000004123800000,0x0000004123900000] [id=14256]
  0x0000018107e4d800 ConcurrentGCThread "G1 Refine#0" [stack: 0x0000004121900000,0x0000004121a00000] [id=14232]
  0x0000018121c60800 ConcurrentGCThread "G1 Young RemSet Sampling" [stack: 0x0000004121a00000,0x0000004121b00000] [id=14236]

Threads with active compile tasks:
C2 CompilerThread1   1573 1941   !   4       java.lang.ClassLoader::loadClass (122 bytes)

VM state:not at safepoint (normal execution)

VM Mutex/Monitor currently owned by a thread: None

Heap address: 0x0000000080000000, size: 2048 MB, Compressed Oops mode: 32-bit
Narrow klass base: 0x0000000000000000, Narrow klass shift: 3
Compressed class space size: 1073741824 Address: 0x0000000100000000

Heap:
 garbage-first heap   total 260096K, used 32449K [0x0000000080000000, 0x0000000100000000)
  region size 1024K, 27 young (27648K), 11 survivors (11264K)
 Metaspace       used 22022K, capacity 22624K, committed 22784K, reserved 1069056K
  class space    used 2786K, capacity 2979K, committed 3072K, reserved 1048576K
Heap Regions: E=young(eden), S=young(survivor), O=old, HS=humongous(starts), HC=humongous(continues), CS=collection set, F=free, A=archive, TAMS=top-at-mark-start (previous, next)
|   0|0x0000000080000000, 0x0000000080000000, 0x0000000080100000|  0%| F|  |TAMS 0x0000000080000000, 0x0000000080000000| Untracked 
|   1|0x0000000080100000, 0x0000000080100000, 0x0000000080200000|  0%| F|  |TAMS 0x0000000080100000, 0x0000000080100000| Untracked 
|   2|0x0000000080200000, 0x0000000080200000, 0x0000000080300000|  0%| F|  |TAMS 0x0000000080200000, 0x0000000080200000| Untracked 
|   3|0x0000000080300000, 0x0000000080400000, 0x0000000080400000|100%|HS|  |TAMS 0x0000000080400000, 0x0000000080300000| Complete 
|   4|0x0000000080400000, 0x0000000080500000, 0x0000000080500000|100%|HC|  |TAMS 0x0000000080500000, 0x0000000080400000| Complete 
|   5|0x0000000080500000, 0x0000000080600000, 0x0000000080600000|100%|HC|  |TAMS 0x0000000080600000, 0x0000000080500000| Complete 
|   6|0x0000000080600000, 0x0000000080700000, 0x0000000080700000|100%| O|  |TAMS 0x0000000080700000, 0x0000000080600000| Untracked 
|   7|0x0000000080700000, 0x0000000080800000, 0x0000000080800000|100%| O|  |TAMS 0x0000000080800000, 0x0000000080700000| Untracked 
|   8|0x0000000080800000, 0x0000000080900000, 0x0000000080900000|100%| O|  |TAMS 0x0000000080900000, 0x0000000080800000| Untracked 
|   9|0x0000000080900000, 0x000000008094c200, 0x0000000080a00000| 29%| O|  |TAMS 0x000000008094c200, 0x0000000080900000| Untracked 
|  10|0x0000000080a00000, 0x0000000080a00000, 0x0000000080b00000|  0%| F|  |TAMS 0x0000000080a00000, 0x0000000080a00000| Untracked 
|  11|0x0000000080b00000, 0x0000000080b00000, 0x0000000080c00000|  0%| F|  |TAMS 0x0000000080b00000, 0x0000000080b00000| Untracked 
|  12|0x0000000080c00000, 0x0000000080c00000, 0x0000000080d00000|  0%| F|  |TAMS 0x0000000080c00000, 0x0000000080c00000| Untracked 
|  13|0x0000000080d00000, 0x0000000080d00000, 0x0000000080e00000|  0%| F|  |TAMS 0x0000000080d00000, 0x0000000080d00000| Untracked 
|  14|0x0000000080e00000, 0x0000000080e00000, 0x0000000080f00000|  0%| F|  |TAMS 0x0000000080e00000, 0x0000000080e00000| Untracked 
|  15|0x0000000080f00000, 0x0000000080f00000, 0x0000000081000000|  0%| F|  |TAMS 0x0000000080f00000, 0x0000000080f00000| Untracked 
|  16|0x0000000081000000, 0x0000000081000000, 0x0000000081100000|  0%| F|  |TAMS 0x0000000081000000, 0x0000000081000000| Untracked 
|  17|0x0000000081100000, 0x0000000081100000, 0x0000000081200000|  0%| F|  |TAMS 0x0000000081100000, 0x0000000081100000| Untracked 
|  18|0x0000000081200000, 0x0000000081200000, 0x0000000081300000|  0%| F|  |TAMS 0x0000000081200000, 0x0000000081200000| Untracked 
|  19|0x0000000081300000, 0x0000000081300000, 0x0000000081400000|  0%| F|  |TAMS 0x0000000081300000, 0x0000000081300000| Untracked 
|  20|0x0000000081400000, 0x0000000081400000, 0x0000000081500000|  0%| F|  |TAMS 0x0000000081400000, 0x0000000081400000| Untracked 
|  21|0x0000000081500000, 0x0000000081500000, 0x0000000081600000|  0%| F|  |TAMS 0x0000000081500000, 0x0000000081500000| Untracked 
|  22|0x0000000081600000, 0x0000000081600000, 0x0000000081700000|  0%| F|  |TAMS 0x0000000081600000, 0x0000000081600000| Untracked 
|  23|0x0000000081700000, 0x0000000081700000, 0x0000000081800000|  0%| F|  |TAMS 0x0000000081700000, 0x0000000081700000| Untracked 
|  24|0x0000000081800000, 0x0000000081800000, 0x0000000081900000|  0%| F|  |TAMS 0x0000000081800000, 0x0000000081800000| Untracked 
|  25|0x0000000081900000, 0x0000000081900000, 0x0000000081a00000|  0%| F|  |TAMS 0x0000000081900000, 0x0000000081900000| Untracked 
|  26|0x0000000081a00000, 0x0000000081a00000, 0x0000000081b00000|  0%| F|  |TAMS 0x0000000081a00000, 0x0000000081a00000| Untracked 
|  27|0x0000000081b00000, 0x0000000081b00000, 0x0000000081c00000|  0%| F|  |TAMS 0x0000000081b00000, 0x0000000081b00000| Untracked 
|  28|0x0000000081c00000, 0x0000000081c00000, 0x0000000081d00000|  0%| F|  |TAMS 0x0000000081c00000, 0x0000000081c00000| Untracked 
|  29|0x0000000081d00000, 0x0000000081d00000, 0x0000000081e00000|  0%| F|  |TAMS 0x0000000081d00000, 0x0000000081d00000| Untracked 
|  30|0x0000000081e00000, 0x0000000081e00000, 0x0000000081f00000|  0%| F|  |TAMS 0x0000000081e00000, 0x0000000081e00000| Untracked 
|  31|0x0000000081f00000, 0x0000000081f00000, 0x0000000082000000|  0%| F|  |TAMS 0x0000000081f00000, 0x0000000081f00000| Untracked 
|  32|0x0000000082000000, 0x0000000082000000, 0x0000000082100000|  0%| F|  |TAMS 0x0000000082000000, 0x0000000082000000| Untracked 
|  33|0x0000000082100000, 0x0000000082100000, 0x0000000082200000|  0%| F|  |TAMS 0x0000000082100000, 0x0000000082100000| Untracked 
|  34|0x0000000082200000, 0x0000000082200000, 0x0000000082300000|  0%| F|  |TAMS 0x0000000082200000, 0x0000000082200000| Untracked 
|  35|0x0000000082300000, 0x0000000082300000, 0x0000000082400000|  0%| F|  |TAMS 0x0000000082300000, 0x0000000082300000| Untracked 
|  36|0x0000000082400000, 0x0000000082400000, 0x0000000082500000|  0%| F|  |TAMS 0x0000000082400000, 0x0000000082400000| Untracked 
|  37|0x0000000082500000, 0x0000000082500000, 0x0000000082600000|  0%| F|  |TAMS 0x0000000082500000, 0x0000000082500000| Untracked 
|  38|0x0000000082600000, 0x0000000082600000, 0x0000000082700000|  0%| F|  |TAMS 0x0000000082600000, 0x0000000082600000| Untracked 
|  39|0x0000000082700000, 0x0000000082700000, 0x0000000082800000|  0%| F|  |TAMS 0x0000000082700000, 0x0000000082700000| Untracked 
|  40|0x0000000082800000, 0x0000000082800000, 0x0000000082900000|  0%| F|  |TAMS 0x0000000082800000, 0x0000000082800000| Untracked 
|  41|0x0000000082900000, 0x0000000082900000, 0x0000000082a00000|  0%| F|  |TAMS 0x0000000082900000, 0x0000000082900000| Untracked 
|  42|0x0000000082a00000, 0x0000000082a00000, 0x0000000082b00000|  0%| F|  |TAMS 0x0000000082a00000, 0x0000000082a00000| Untracked 
|  43|0x0000000082b00000, 0x0000000082b00000, 0x0000000082c00000|  0%| F|  |TAMS 0x0000000082b00000, 0x0000000082b00000| Untracked 
|  44|0x0000000082c00000, 0x0000000082c00000, 0x0000000082d00000|  0%| F|  |TAMS 0x0000000082c00000, 0x0000000082c00000| Untracked 
|  45|0x0000000082d00000, 0x0000000082d00000, 0x0000000082e00000|  0%| F|  |TAMS 0x0000000082d00000, 0x0000000082d00000| Untracked 
|  46|0x0000000082e00000, 0x0000000082e00000, 0x0000000082f00000|  0%| F|  |TAMS 0x0000000082e00000, 0x0000000082e00000| Untracked 
|  47|0x0000000082f00000, 0x0000000082f00000, 0x0000000083000000|  0%| F|  |TAMS 0x0000000082f00000, 0x0000000082f00000| Untracked 
|  48|0x0000000083000000, 0x0000000083000000, 0x0000000083100000|  0%| F|  |TAMS 0x0000000083000000, 0x0000000083000000| Untracked 
|  49|0x0000000083100000, 0x0000000083100000, 0x0000000083200000|  0%| F|  |TAMS 0x0000000083100000, 0x0000000083100000| Untracked 
|  50|0x0000000083200000, 0x0000000083200000, 0x0000000083300000|  0%| F|  |TAMS 0x0000000083200000, 0x0000000083200000| Untracked 
|  51|0x0000000083300000, 0x0000000083300000, 0x0000000083400000|  0%| F|  |TAMS 0x0000000083300000, 0x0000000083300000| Untracked 
|  52|0x0000000083400000, 0x0000000083400000, 0x0000000083500000|  0%| F|  |TAMS 0x0000000083400000, 0x0000000083400000| Untracked 
|  53|0x0000000083500000, 0x0000000083500000, 0x0000000083600000|  0%| F|  |TAMS 0x0000000083500000, 0x0000000083500000| Untracked 
|  54|0x0000000083600000, 0x0000000083600000, 0x0000000083700000|  0%| F|  |TAMS 0x0000000083600000, 0x0000000083600000| Untracked 
|  55|0x0000000083700000, 0x0000000083700000, 0x0000000083800000|  0%| F|  |TAMS 0x0000000083700000, 0x0000000083700000| Untracked 
|  56|0x0000000083800000, 0x0000000083800000, 0x0000000083900000|  0%| F|  |TAMS 0x0000000083800000, 0x0000000083800000| Untracked 
|  57|0x0000000083900000, 0x0000000083900000, 0x0000000083a00000|  0%| F|  |TAMS 0x0000000083900000, 0x0000000083900000| Untracked 
|  58|0x0000000083a00000, 0x0000000083a00000, 0x0000000083b00000|  0%| F|  |TAMS 0x0000000083a00000, 0x0000000083a00000| Untracked 
|  59|0x0000000083b00000, 0x0000000083b00000, 0x0000000083c00000|  0%| F|  |TAMS 0x0000000083b00000, 0x0000000083b00000| Untracked 
|  60|0x0000000083c00000, 0x0000000083c00000, 0x0000000083d00000|  0%| F|  |TAMS 0x0000000083c00000, 0x0000000083c00000| Untracked 
|  61|0x0000000083d00000, 0x0000000083d00000, 0x0000000083e00000|  0%| F|  |TAMS 0x0000000083d00000, 0x0000000083d00000| Untracked 
|  62|0x0000000083e00000, 0x0000000083e00000, 0x0000000083f00000|  0%| F|  |TAMS 0x0000000083e00000, 0x0000000083e00000| Untracked 
|  63|0x0000000083f00000, 0x0000000083f00000, 0x0000000084000000|  0%| F|  |TAMS 0x0000000083f00000, 0x0000000083f00000| Untracked 
|  64|0x0000000084000000, 0x0000000084000000, 0x0000000084100000|  0%| F|  |TAMS 0x0000000084000000, 0x0000000084000000| Untracked 
|  65|0x0000000084100000, 0x0000000084100000, 0x0000000084200000|  0%| F|  |TAMS 0x0000000084100000, 0x0000000084100000| Untracked 
|  66|0x0000000084200000, 0x0000000084200000, 0x0000000084300000|  0%| F|  |TAMS 0x0000000084200000, 0x0000000084200000| Untracked 
|  67|0x0000000084300000, 0x0000000084300000, 0x0000000084400000|  0%| F|  |TAMS 0x0000000084300000, 0x0000000084300000| Untracked 
|  68|0x0000000084400000, 0x0000000084400000, 0x0000000084500000|  0%| F|  |TAMS 0x0000000084400000, 0x0000000084400000| Untracked 
|  69|0x0000000084500000, 0x0000000084500000, 0x0000000084600000|  0%| F|  |TAMS 0x0000000084500000, 0x0000000084500000| Untracked 
|  70|0x0000000084600000, 0x0000000084600000, 0x0000000084700000|  0%| F|  |TAMS 0x0000000084600000, 0x0000000084600000| Untracked 
|  71|0x0000000084700000, 0x0000000084700000, 0x0000000084800000|  0%| F|  |TAMS 0x0000000084700000, 0x0000000084700000| Untracked 
|  72|0x0000000084800000, 0x0000000084800000, 0x0000000084900000|  0%| F|  |TAMS 0x0000000084800000, 0x0000000084800000| Untracked 
|  73|0x0000000084900000, 0x0000000084900000, 0x0000000084a00000|  0%| F|  |TAMS 0x0000000084900000, 0x0000000084900000| Untracked 
|  74|0x0000000084a00000, 0x0000000084a00000, 0x0000000084b00000|  0%| F|  |TAMS 0x0000000084a00000, 0x0000000084a00000| Untracked 
|  75|0x0000000084b00000, 0x0000000084b00000, 0x0000000084c00000|  0%| F|  |TAMS 0x0000000084b00000, 0x0000000084b00000| Untracked 
|  76|0x0000000084c00000, 0x0000000084c00000, 0x0000000084d00000|  0%| F|  |TAMS 0x0000000084c00000, 0x0000000084c00000| Untracked 
|  77|0x0000000084d00000, 0x0000000084d00000, 0x0000000084e00000|  0%| F|  |TAMS 0x0000000084d00000, 0x0000000084d00000| Untracked 
|  78|0x0000000084e00000, 0x0000000084e00000, 0x0000000084f00000|  0%| F|  |TAMS 0x0000000084e00000, 0x0000000084e00000| Untracked 
|  79|0x0000000084f00000, 0x0000000084f00000, 0x0000000085000000|  0%| F|  |TAMS 0x0000000084f00000, 0x0000000084f00000| Untracked 
|  80|0x0000000085000000, 0x0000000085000000, 0x0000000085100000|  0%| F|  |TAMS 0x0000000085000000, 0x0000000085000000| Untracked 
|  81|0x0000000085100000, 0x0000000085100000, 0x0000000085200000|  0%| F|  |TAMS 0x0000000085100000, 0x0000000085100000| Untracked 
|  82|0x0000000085200000, 0x0000000085200000, 0x0000000085300000|  0%| F|  |TAMS 0x0000000085200000, 0x0000000085200000| Untracked 
|  83|0x0000000085300000, 0x0000000085300000, 0x0000000085400000|  0%| F|  |TAMS 0x0000000085300000, 0x0000000085300000| Untracked 
|  84|0x0000000085400000, 0x0000000085400000, 0x0000000085500000|  0%| F|  |TAMS 0x0000000085400000, 0x0000000085400000| Untracked 
|  85|0x0000000085500000, 0x0000000085500000, 0x0000000085600000|  0%| F|  |TAMS 0x0000000085500000, 0x0000000085500000| Untracked 
|  86|0x0000000085600000, 0x0000000085600000, 0x0000000085700000|  0%| F|  |TAMS 0x0000000085600000, 0x0000000085600000| Untracked 
|  87|0x0000000085700000, 0x0000000085700000, 0x0000000085800000|  0%| F|  |TAMS 0x0000000085700000, 0x0000000085700000| Untracked 
|  88|0x0000000085800000, 0x0000000085800000, 0x0000000085900000|  0%| F|  |TAMS 0x0000000085800000, 0x0000000085800000| Untracked 
|  89|0x0000000085900000, 0x0000000085900000, 0x0000000085a00000|  0%| F|  |TAMS 0x0000000085900000, 0x0000000085900000| Untracked 
|  90|0x0000000085a00000, 0x0000000085a00000, 0x0000000085b00000|  0%| F|  |TAMS 0x0000000085a00000, 0x0000000085a00000| Untracked 
|  91|0x0000000085b00000, 0x0000000085b00000, 0x0000000085c00000|  0%| F|  |TAMS 0x0000000085b00000, 0x0000000085b00000| Untracked 
|  92|0x0000000085c00000, 0x0000000085c00000, 0x0000000085d00000|  0%| F|  |TAMS 0x0000000085c00000, 0x0000000085c00000| Untracked 
|  93|0x0000000085d00000, 0x0000000085d00000, 0x0000000085e00000|  0%| F|  |TAMS 0x0000000085d00000, 0x0000000085d00000| Untracked 
|  94|0x0000000085e00000, 0x0000000085e00000, 0x0000000085f00000|  0%| F|  |TAMS 0x0000000085e00000, 0x0000000085e00000| Untracked 
|  95|0x0000000085f00000, 0x0000000085f00000, 0x0000000086000000|  0%| F|  |TAMS 0x0000000085f00000, 0x0000000085f00000| Untracked 
|  96|0x0000000086000000, 0x0000000086000000, 0x0000000086100000|  0%| F|  |TAMS 0x0000000086000000, 0x0000000086000000| Untracked 
|  97|0x0000000086100000, 0x0000000086100000, 0x0000000086200000|  0%| F|  |TAMS 0x0000000086100000, 0x0000000086100000| Untracked 
|  98|0x0000000086200000, 0x0000000086200000, 0x0000000086300000|  0%| F|  |TAMS 0x0000000086200000, 0x0000000086200000| Untracked 
|  99|0x0000000086300000, 0x0000000086300000, 0x0000000086400000|  0%| F|  |TAMS 0x0000000086300000, 0x0000000086300000| Untracked 
| 100|0x0000000086400000, 0x0000000086400000, 0x0000000086500000|  0%| F|  |TAMS 0x0000000086400000, 0x0000000086400000| Untracked 
| 101|0x0000000086500000, 0x0000000086500000, 0x0000000086600000|  0%| F|  |TAMS 0x0000000086500000, 0x0000000086500000| Untracked 
| 102|0x0000000086600000, 0x0000000086600000, 0x0000000086700000|  0%| F|  |TAMS 0x0000000086600000, 0x0000000086600000| Untracked 
| 103|0x0000000086700000, 0x0000000086700000, 0x0000000086800000|  0%| F|  |TAMS 0x0000000086700000, 0x0000000086700000| Untracked 
| 104|0x0000000086800000, 0x0000000086800000, 0x0000000086900000|  0%| F|  |TAMS 0x0000000086800000, 0x0000000086800000| Untracked 
| 105|0x0000000086900000, 0x0000000086900000, 0x0000000086a00000|  0%| F|  |TAMS 0x0000000086900000, 0x0000000086900000| Untracked 
| 106|0x0000000086a00000, 0x0000000086a00000, 0x0000000086b00000|  0%| F|  |TAMS 0x0000000086a00000, 0x0000000086a00000| Untracked 
| 107|0x0000000086b00000, 0x0000000086b00000, 0x0000000086c00000|  0%| F|  |TAMS 0x0000000086b00000, 0x0000000086b00000| Untracked 
| 108|0x0000000086c00000, 0x0000000086c00000, 0x0000000086d00000|  0%| F|  |TAMS 0x0000000086c00000, 0x0000000086c00000| Untracked 
| 109|0x0000000086d00000, 0x0000000086d00000, 0x0000000086e00000|  0%| F|  |TAMS 0x0000000086d00000, 0x0000000086d00000| Untracked 
| 110|0x0000000086e00000, 0x0000000086e00000, 0x0000000086f00000|  0%| F|  |TAMS 0x0000000086e00000, 0x0000000086e00000| Untracked 
| 111|0x0000000086f00000, 0x0000000086f00000, 0x0000000087000000|  0%| F|  |TAMS 0x0000000086f00000, 0x0000000086f00000| Untracked 
| 112|0x0000000087000000, 0x0000000087000000, 0x0000000087100000|  0%| F|  |TAMS 0x0000000087000000, 0x0000000087000000| Untracked 
| 113|0x0000000087100000, 0x0000000087100000, 0x0000000087200000|  0%| F|  |TAMS 0x0000000087100000, 0x0000000087100000| Untracked 
| 114|0x0000000087200000, 0x0000000087200000, 0x0000000087300000|  0%| F|  |TAMS 0x0000000087200000, 0x0000000087200000| Untracked 
| 115|0x0000000087300000, 0x0000000087300000, 0x0000000087400000|  0%| F|  |TAMS 0x0000000087300000, 0x0000000087300000| Untracked 
| 116|0x0000000087400000, 0x0000000087400000, 0x0000000087500000|  0%| F|  |TAMS 0x0000000087400000, 0x0000000087400000| Untracked 
| 117|0x0000000087500000, 0x0000000087500000, 0x0000000087600000|  0%| F|  |TAMS 0x0000000087500000, 0x0000000087500000| Untracked 
| 118|0x0000000087600000, 0x0000000087600000, 0x0000000087700000|  0%| F|  |TAMS 0x0000000087600000, 0x0000000087600000| Untracked 
| 119|0x0000000087700000, 0x0000000087700000, 0x0000000087800000|  0%| F|  |TAMS 0x0000000087700000, 0x0000000087700000| Untracked 
| 120|0x0000000087800000, 0x0000000087800000, 0x0000000087900000|  0%| F|  |TAMS 0x0000000087800000, 0x0000000087800000| Untracked 
| 121|0x0000000087900000, 0x0000000087900000, 0x0000000087a00000|  0%| F|  |TAMS 0x0000000087900000, 0x0000000087900000| Untracked 
| 122|0x0000000087a00000, 0x0000000087a00000, 0x0000000087b00000|  0%| F|  |TAMS 0x0000000087a00000, 0x0000000087a00000| Untracked 
| 123|0x0000000087b00000, 0x0000000087b00000, 0x0000000087c00000|  0%| F|  |TAMS 0x0000000087b00000, 0x0000000087b00000| Untracked 
| 124|0x0000000087c00000, 0x0000000087c00000, 0x0000000087d00000|  0%| F|  |TAMS 0x0000000087c00000, 0x0000000087c00000| Untracked 
| 125|0x0000000087d00000, 0x0000000087d00000, 0x0000000087e00000|  0%| F|  |TAMS 0x0000000087d00000, 0x0000000087d00000| Untracked 
| 126|0x0000000087e00000, 0x0000000087e00000, 0x0000000087f00000|  0%| F|  |TAMS 0x0000000087e00000, 0x0000000087e00000| Untracked 
| 127|0x0000000087f00000, 0x0000000087f00000, 0x0000000088000000|  0%| F|  |TAMS 0x0000000087f00000, 0x0000000087f00000| Untracked 
| 128|0x0000000088000000, 0x0000000088000000, 0x0000000088100000|  0%| F|  |TAMS 0x0000000088000000, 0x0000000088000000| Untracked 
| 129|0x0000000088100000, 0x0000000088100000, 0x0000000088200000|  0%| F|  |TAMS 0x0000000088100000, 0x0000000088100000| Untracked 
| 130|0x0000000088200000, 0x0000000088200000, 0x0000000088300000|  0%| F|  |TAMS 0x0000000088200000, 0x0000000088200000| Untracked 
| 131|0x0000000088300000, 0x0000000088300000, 0x0000000088400000|  0%| F|  |TAMS 0x0000000088300000, 0x0000000088300000| Untracked 
| 132|0x0000000088400000, 0x0000000088400000, 0x0000000088500000|  0%| F|  |TAMS 0x0000000088400000, 0x0000000088400000| Untracked 
| 133|0x0000000088500000, 0x0000000088500000, 0x0000000088600000|  0%| F|  |TAMS 0x0000000088500000, 0x0000000088500000| Untracked 
| 134|0x0000000088600000, 0x0000000088600000, 0x0000000088700000|  0%| F|  |TAMS 0x0000000088600000, 0x0000000088600000| Untracked 
| 135|0x0000000088700000, 0x0000000088700000, 0x0000000088800000|  0%| F|  |TAMS 0x0000000088700000, 0x0000000088700000| Untracked 
| 136|0x0000000088800000, 0x0000000088800000, 0x0000000088900000|  0%| F|  |TAMS 0x0000000088800000, 0x0000000088800000| Untracked 
| 137|0x0000000088900000, 0x0000000088900000, 0x0000000088a00000|  0%| F|  |TAMS 0x0000000088900000, 0x0000000088900000| Untracked 
| 138|0x0000000088a00000, 0x0000000088a00000, 0x0000000088b00000|  0%| F|  |TAMS 0x0000000088a00000, 0x0000000088a00000| Untracked 
| 139|0x0000000088b00000, 0x0000000088b00000, 0x0000000088c00000|  0%| F|  |TAMS 0x0000000088b00000, 0x0000000088b00000| Untracked 
| 140|0x0000000088c00000, 0x0000000088c00000, 0x0000000088d00000|  0%| F|  |TAMS 0x0000000088c00000, 0x0000000088c00000| Untracked 
| 141|0x0000000088d00000, 0x0000000088d00000, 0x0000000088e00000|  0%| F|  |TAMS 0x0000000088d00000, 0x0000000088d00000| Untracked 
| 142|0x0000000088e00000, 0x0000000088e00000, 0x0000000088f00000|  0%| F|  |TAMS 0x0000000088e00000, 0x0000000088e00000| Untracked 
| 143|0x0000000088f00000, 0x0000000088f00000, 0x0000000089000000|  0%| F|  |TAMS 0x0000000088f00000, 0x0000000088f00000| Untracked 
| 144|0x0000000089000000, 0x0000000089000000, 0x0000000089100000|  0%| F|  |TAMS 0x0000000089000000, 0x0000000089000000| Untracked 
| 145|0x0000000089100000, 0x00000000891645e0, 0x0000000089200000| 39%| S|CS|TAMS 0x0000000089100000, 0x0000000089100000| Complete 
| 146|0x0000000089200000, 0x0000000089300000, 0x0000000089300000|100%| S|CS|TAMS 0x0000000089200000, 0x0000000089200000| Complete 
| 147|0x0000000089300000, 0x0000000089400000, 0x0000000089400000|100%| S|CS|TAMS 0x0000000089300000, 0x0000000089300000| Complete 
| 148|0x0000000089400000, 0x0000000089500000, 0x0000000089500000|100%| S|CS|TAMS 0x0000000089400000, 0x0000000089400000| Complete 
| 149|0x0000000089500000, 0x0000000089600000, 0x0000000089600000|100%| S|CS|TAMS 0x0000000089500000, 0x0000000089500000| Complete 
| 150|0x0000000089600000, 0x0000000089700000, 0x0000000089700000|100%| S|CS|TAMS 0x0000000089600000, 0x0000000089600000| Complete 
| 151|0x0000000089700000, 0x0000000089800000, 0x0000000089800000|100%| S|CS|TAMS 0x0000000089700000, 0x0000000089700000| Complete 
| 152|0x0000000089800000, 0x0000000089900000, 0x0000000089900000|100%| S|CS|TAMS 0x0000000089800000, 0x0000000089800000| Complete 
| 153|0x0000000089900000, 0x0000000089a00000, 0x0000000089a00000|100%| S|CS|TAMS 0x0000000089900000, 0x0000000089900000| Complete 
| 154|0x0000000089a00000, 0x0000000089b00000, 0x0000000089b00000|100%| S|CS|TAMS 0x0000000089a00000, 0x0000000089a00000| Complete 
| 155|0x0000000089b00000, 0x0000000089c00000, 0x0000000089c00000|100%| S|CS|TAMS 0x0000000089b00000, 0x0000000089b00000| Complete 
| 156|0x0000000089c00000, 0x0000000089c00000, 0x0000000089d00000|  0%| F|  |TAMS 0x0000000089c00000, 0x0000000089c00000| Untracked 
| 157|0x0000000089d00000, 0x0000000089d00000, 0x0000000089e00000|  0%| F|  |TAMS 0x0000000089d00000, 0x0000000089d00000| Untracked 
| 158|0x0000000089e00000, 0x0000000089e00000, 0x0000000089f00000|  0%| F|  |TAMS 0x0000000089e00000, 0x0000000089e00000| Untracked 
| 159|0x0000000089f00000, 0x0000000089f00000, 0x000000008a000000|  0%| F|  |TAMS 0x0000000089f00000, 0x0000000089f00000| Untracked 
| 160|0x000000008a000000, 0x000000008a000000, 0x000000008a100000|  0%| F|  |TAMS 0x000000008a000000, 0x000000008a000000| Untracked 
| 161|0x000000008a100000, 0x000000008a100000, 0x000000008a200000|  0%| F|  |TAMS 0x000000008a100000, 0x000000008a100000| Untracked 
| 162|0x000000008a200000, 0x000000008a200000, 0x000000008a300000|  0%| F|  |TAMS 0x000000008a200000, 0x000000008a200000| Untracked 
| 163|0x000000008a300000, 0x000000008a300000, 0x000000008a400000|  0%| F|  |TAMS 0x000000008a300000, 0x000000008a300000| Untracked 
| 164|0x000000008a400000, 0x000000008a400000, 0x000000008a500000|  0%| F|  |TAMS 0x000000008a400000, 0x000000008a400000| Untracked 
| 165|0x000000008a500000, 0x000000008a500000, 0x000000008a600000|  0%| F|  |TAMS 0x000000008a500000, 0x000000008a500000| Untracked 
| 166|0x000000008a600000, 0x000000008a600000, 0x000000008a700000|  0%| F|  |TAMS 0x000000008a600000, 0x000000008a600000| Untracked 
| 167|0x000000008a700000, 0x000000008a700000, 0x000000008a800000|  0%| F|  |TAMS 0x000000008a700000, 0x000000008a700000| Untracked 
| 168|0x000000008a800000, 0x000000008a800000, 0x000000008a900000|  0%| F|  |TAMS 0x000000008a800000, 0x000000008a800000| Untracked 
| 169|0x000000008a900000, 0x000000008a900000, 0x000000008aa00000|  0%| F|  |TAMS 0x000000008a900000, 0x000000008a900000| Untracked 
| 170|0x000000008aa00000, 0x000000008aa00000, 0x000000008ab00000|  0%| F|  |TAMS 0x000000008aa00000, 0x000000008aa00000| Untracked 
| 171|0x000000008ab00000, 0x000000008ab00000, 0x000000008ac00000|  0%| F|  |TAMS 0x000000008ab00000, 0x000000008ab00000| Untracked 
| 172|0x000000008ac00000, 0x000000008ac00000, 0x000000008ad00000|  0%| F|  |TAMS 0x000000008ac00000, 0x000000008ac00000| Untracked 
| 173|0x000000008ad00000, 0x000000008ad00000, 0x000000008ae00000|  0%| F|  |TAMS 0x000000008ad00000, 0x000000008ad00000| Untracked 
| 174|0x000000008ae00000, 0x000000008ae00000, 0x000000008af00000|  0%| F|  |TAMS 0x000000008ae00000, 0x000000008ae00000| Untracked 
| 175|0x000000008af00000, 0x000000008af00000, 0x000000008b000000|  0%| F|  |TAMS 0x000000008af00000, 0x000000008af00000| Untracked 
| 176|0x000000008b000000, 0x000000008b000000, 0x000000008b100000|  0%| F|  |TAMS 0x000000008b000000, 0x000000008b000000| Untracked 
| 177|0x000000008b100000, 0x000000008b100000, 0x000000008b200000|  0%| F|  |TAMS 0x000000008b100000, 0x000000008b100000| Untracked 
| 178|0x000000008b200000, 0x000000008b200000, 0x000000008b300000|  0%| F|  |TAMS 0x000000008b200000, 0x000000008b200000| Untracked 
| 179|0x000000008b300000, 0x000000008b300000, 0x000000008b400000|  0%| F|  |TAMS 0x000000008b300000, 0x000000008b300000| Untracked 
| 180|0x000000008b400000, 0x000000008b400000, 0x000000008b500000|  0%| F|  |TAMS 0x000000008b400000, 0x000000008b400000| Untracked 
| 181|0x000000008b500000, 0x000000008b500000, 0x000000008b600000|  0%| F|  |TAMS 0x000000008b500000, 0x000000008b500000| Untracked 
| 182|0x000000008b600000, 0x000000008b600000, 0x000000008b700000|  0%| F|  |TAMS 0x000000008b600000, 0x000000008b600000| Untracked 
| 183|0x000000008b700000, 0x000000008b700000, 0x000000008b800000|  0%| F|  |TAMS 0x000000008b700000, 0x000000008b700000| Untracked 
| 184|0x000000008b800000, 0x000000008b800000, 0x000000008b900000|  0%| F|  |TAMS 0x000000008b800000, 0x000000008b800000| Untracked 
| 185|0x000000008b900000, 0x000000008b900000, 0x000000008ba00000|  0%| F|  |TAMS 0x000000008b900000, 0x000000008b900000| Untracked 
| 186|0x000000008ba00000, 0x000000008ba00000, 0x000000008bb00000|  0%| F|  |TAMS 0x000000008ba00000, 0x000000008ba00000| Untracked 
| 187|0x000000008bb00000, 0x000000008bb00000, 0x000000008bc00000|  0%| F|  |TAMS 0x000000008bb00000, 0x000000008bb00000| Untracked 
| 188|0x000000008bc00000, 0x000000008bc00000, 0x000000008bd00000|  0%| F|  |TAMS 0x000000008bc00000, 0x000000008bc00000| Untracked 
| 189|0x000000008bd00000, 0x000000008bd00000, 0x000000008be00000|  0%| F|  |TAMS 0x000000008bd00000, 0x000000008bd00000| Untracked 
| 190|0x000000008be00000, 0x000000008be00000, 0x000000008bf00000|  0%| F|  |TAMS 0x000000008be00000, 0x000000008be00000| Untracked 
| 191|0x000000008bf00000, 0x000000008bf00000, 0x000000008c000000|  0%| F|  |TAMS 0x000000008bf00000, 0x000000008bf00000| Untracked 
| 192|0x000000008c000000, 0x000000008c000000, 0x000000008c100000|  0%| F|  |TAMS 0x000000008c000000, 0x000000008c000000| Untracked 
| 193|0x000000008c100000, 0x000000008c100000, 0x000000008c200000|  0%| F|  |TAMS 0x000000008c100000, 0x000000008c100000| Untracked 
| 194|0x000000008c200000, 0x000000008c200000, 0x000000008c300000|  0%| F|  |TAMS 0x000000008c200000, 0x000000008c200000| Untracked 
| 195|0x000000008c300000, 0x000000008c300000, 0x000000008c400000|  0%| F|  |TAMS 0x000000008c300000, 0x000000008c300000| Untracked 
| 196|0x000000008c400000, 0x000000008c400000, 0x000000008c500000|  0%| F|  |TAMS 0x000000008c400000, 0x000000008c400000| Untracked 
| 197|0x000000008c500000, 0x000000008c500000, 0x000000008c600000|  0%| F|  |TAMS 0x000000008c500000, 0x000000008c500000| Untracked 
| 198|0x000000008c600000, 0x000000008c600000, 0x000000008c700000|  0%| F|  |TAMS 0x000000008c600000, 0x000000008c600000| Untracked 
| 199|0x000000008c700000, 0x000000008c700000, 0x000000008c800000|  0%| F|  |TAMS 0x000000008c700000, 0x000000008c700000| Untracked 
| 200|0x000000008c800000, 0x000000008c800000, 0x000000008c900000|  0%| F|  |TAMS 0x000000008c800000, 0x000000008c800000| Untracked 
| 201|0x000000008c900000, 0x000000008c900000, 0x000000008ca00000|  0%| F|  |TAMS 0x000000008c900000, 0x000000008c900000| Untracked 
| 202|0x000000008ca00000, 0x000000008ca00000, 0x000000008cb00000|  0%| F|  |TAMS 0x000000008ca00000, 0x000000008ca00000| Untracked 
| 203|0x000000008cb00000, 0x000000008cb00000, 0x000000008cc00000|  0%| F|  |TAMS 0x000000008cb00000, 0x000000008cb00000| Untracked 
| 204|0x000000008cc00000, 0x000000008cc00000, 0x000000008cd00000|  0%| F|  |TAMS 0x000000008cc00000, 0x000000008cc00000| Untracked 
| 205|0x000000008cd00000, 0x000000008cd00000, 0x000000008ce00000|  0%| F|  |TAMS 0x000000008cd00000, 0x000000008cd00000| Untracked 
| 206|0x000000008ce00000, 0x000000008ce00000, 0x000000008cf00000|  0%| F|  |TAMS 0x000000008ce00000, 0x000000008ce00000| Untracked 
| 207|0x000000008cf00000, 0x000000008cf00000, 0x000000008d000000|  0%| F|  |TAMS 0x000000008cf00000, 0x000000008cf00000| Untracked 
| 208|0x000000008d000000, 0x000000008d000000, 0x000000008d100000|  0%| F|  |TAMS 0x000000008d000000, 0x000000008d000000| Untracked 
| 209|0x000000008d100000, 0x000000008d100000, 0x000000008d200000|  0%| F|  |TAMS 0x000000008d100000, 0x000000008d100000| Untracked 
| 210|0x000000008d200000, 0x000000008d200000, 0x000000008d300000|  0%| F|  |TAMS 0x000000008d200000, 0x000000008d200000| Untracked 
| 211|0x000000008d300000, 0x000000008d300000, 0x000000008d400000|  0%| F|  |TAMS 0x000000008d300000, 0x000000008d300000| Untracked 
| 212|0x000000008d400000, 0x000000008d400000, 0x000000008d500000|  0%| F|  |TAMS 0x000000008d400000, 0x000000008d400000| Untracked 
| 213|0x000000008d500000, 0x000000008d500000, 0x000000008d600000|  0%| F|  |TAMS 0x000000008d500000, 0x000000008d500000| Untracked 
| 214|0x000000008d600000, 0x000000008d600000, 0x000000008d700000|  0%| F|  |TAMS 0x000000008d600000, 0x000000008d600000| Untracked 
| 215|0x000000008d700000, 0x000000008d700000, 0x000000008d800000|  0%| F|  |TAMS 0x000000008d700000, 0x000000008d700000| Untracked 
| 216|0x000000008d800000, 0x000000008d800000, 0x000000008d900000|  0%| F|  |TAMS 0x000000008d800000, 0x000000008d800000| Untracked 
| 217|0x000000008d900000, 0x000000008d900000, 0x000000008da00000|  0%| F|  |TAMS 0x000000008d900000, 0x000000008d900000| Untracked 
| 218|0x000000008da00000, 0x000000008da00000, 0x000000008db00000|  0%| F|  |TAMS 0x000000008da00000, 0x000000008da00000| Untracked 
| 219|0x000000008db00000, 0x000000008db00000, 0x000000008dc00000|  0%| F|  |TAMS 0x000000008db00000, 0x000000008db00000| Untracked 
| 220|0x000000008dc00000, 0x000000008dc00000, 0x000000008dd00000|  0%| F|  |TAMS 0x000000008dc00000, 0x000000008dc00000| Untracked 
| 221|0x000000008dd00000, 0x000000008dd00000, 0x000000008de00000|  0%| F|  |TAMS 0x000000008dd00000, 0x000000008dd00000| Untracked 
| 222|0x000000008de00000, 0x000000008de00000, 0x000000008df00000|  0%| F|  |TAMS 0x000000008de00000, 0x000000008de00000| Untracked 
| 223|0x000000008df00000, 0x000000008df00000, 0x000000008e000000|  0%| F|  |TAMS 0x000000008df00000, 0x000000008df00000| Untracked 
| 224|0x000000008e000000, 0x000000008e000000, 0x000000008e100000|  0%| F|  |TAMS 0x000000008e000000, 0x000000008e000000| Untracked 
| 225|0x000000008e100000, 0x000000008e100000, 0x000000008e200000|  0%| F|  |TAMS 0x000000008e100000, 0x000000008e100000| Untracked 
| 226|0x000000008e200000, 0x000000008e200000, 0x000000008e300000|  0%| F|  |TAMS 0x000000008e200000, 0x000000008e200000| Untracked 
| 227|0x000000008e300000, 0x000000008e300000, 0x000000008e400000|  0%| F|  |TAMS 0x000000008e300000, 0x000000008e300000| Untracked 
| 228|0x000000008e400000, 0x000000008e400000, 0x000000008e500000|  0%| F|  |TAMS 0x000000008e400000, 0x000000008e400000| Untracked 
| 229|0x000000008e500000, 0x000000008e500000, 0x000000008e600000|  0%| F|  |TAMS 0x000000008e500000, 0x000000008e500000| Untracked 
| 230|0x000000008e600000, 0x000000008e600000, 0x000000008e700000|  0%| F|  |TAMS 0x000000008e600000, 0x000000008e600000| Untracked 
| 231|0x000000008e700000, 0x000000008e700000, 0x000000008e800000|  0%| F|  |TAMS 0x000000008e700000, 0x000000008e700000| Untracked 
| 232|0x000000008e800000, 0x000000008e800000, 0x000000008e900000|  0%| F|  |TAMS 0x000000008e800000, 0x000000008e800000| Untracked 
| 233|0x000000008e900000, 0x000000008e900000, 0x000000008ea00000|  0%| F|  |TAMS 0x000000008e900000, 0x000000008e900000| Untracked 
| 234|0x000000008ea00000, 0x000000008ea00000, 0x000000008eb00000|  0%| F|  |TAMS 0x000000008ea00000, 0x000000008ea00000| Untracked 
| 235|0x000000008eb00000, 0x000000008eb00000, 0x000000008ec00000|  0%| F|  |TAMS 0x000000008eb00000, 0x000000008eb00000| Untracked 
| 236|0x000000008ec00000, 0x000000008ec00000, 0x000000008ed00000|  0%| F|  |TAMS 0x000000008ec00000, 0x000000008ec00000| Untracked 
| 237|0x000000008ed00000, 0x000000008ed7d178, 0x000000008ee00000| 48%| E|  |TAMS 0x000000008ed00000, 0x000000008ed00000| Complete 
| 238|0x000000008ee00000, 0x000000008ef00000, 0x000000008ef00000|100%| E|CS|TAMS 0x000000008ee00000, 0x000000008ee00000| Complete 
| 239|0x000000008ef00000, 0x000000008f000000, 0x000000008f000000|100%| E|CS|TAMS 0x000000008ef00000, 0x000000008ef00000| Complete 
| 240|0x000000008f000000, 0x000000008f100000, 0x000000008f100000|100%| E|CS|TAMS 0x000000008f000000, 0x000000008f000000| Complete 
| 241|0x000000008f100000, 0x000000008f200000, 0x000000008f200000|100%| E|CS|TAMS 0x000000008f100000, 0x000000008f100000| Complete 
| 242|0x000000008f200000, 0x000000008f300000, 0x000000008f300000|100%| E|CS|TAMS 0x000000008f200000, 0x000000008f200000| Complete 
| 243|0x000000008f300000, 0x000000008f400000, 0x000000008f400000|100%| E|CS|TAMS 0x000000008f300000, 0x000000008f300000| Complete 
| 244|0x000000008f400000, 0x000000008f500000, 0x000000008f500000|100%| E|CS|TAMS 0x000000008f400000, 0x000000008f400000| Complete 
| 245|0x000000008f500000, 0x000000008f600000, 0x000000008f600000|100%| E|CS|TAMS 0x000000008f500000, 0x000000008f500000| Complete 
| 246|0x000000008f600000, 0x000000008f700000, 0x000000008f700000|100%| E|CS|TAMS 0x000000008f600000, 0x000000008f600000| Complete 
| 247|0x000000008f700000, 0x000000008f800000, 0x000000008f800000|100%| E|CS|TAMS 0x000000008f700000, 0x000000008f700000| Complete 
| 248|0x000000008f800000, 0x000000008f900000, 0x000000008f900000|100%| E|CS|TAMS 0x000000008f800000, 0x000000008f800000| Complete 
| 249|0x000000008f900000, 0x000000008fa00000, 0x000000008fa00000|100%| E|CS|TAMS 0x000000008f900000, 0x000000008f900000| Complete 
| 250|0x000000008fa00000, 0x000000008fb00000, 0x000000008fb00000|100%| E|CS|TAMS 0x000000008fa00000, 0x000000008fa00000| Complete 
| 251|0x000000008fb00000, 0x000000008fc00000, 0x000000008fc00000|100%| E|CS|TAMS 0x000000008fb00000, 0x000000008fb00000| Complete 
| 252|0x000000008fc00000, 0x000000008fd00000, 0x000000008fd00000|100%| E|CS|TAMS 0x000000008fc00000, 0x000000008fc00000| Complete 
| 253|0x000000008fd00000, 0x000000008fe00000, 0x000000008fe00000|100%| E|CS|TAMS 0x000000008fd00000, 0x000000008fd00000| Complete 

Card table byte_map: [0x000001811ad80000,0x000001811b180000] _byte_map_base: 0x000001811a980000

Marking Bits (Prev, Next): (CMBitMap*) 0x0000018107dad620, (CMBitMap*) 0x0000018107dad5e8
 Prev Bits: [0x000001811d580000, 0x000001811f580000)
 Next Bits: [0x000001811b580000, 0x000001811d580000)

Polling page: 0x0000018105cd0000

Metaspace:

Usage:
  Non-class:     19.18 MB capacity,    18.83 MB ( 98%) used,   325.16 KB (  2%) free+waste,    42.44 KB ( <1%) overhead. 
      Class:      2.91 MB capacity,     2.73 MB ( 94%) used,   164.23 KB (  6%) free+waste,    21.44 KB ( <1%) overhead. 
       Both:     22.09 MB capacity,    21.55 MB ( 98%) used,   489.39 KB (  2%) free+waste,    63.88 KB ( <1%) overhead. 

Virtual space:
  Non-class space:       20.00 MB reserved,      19.25 MB ( 96%) committed 
      Class space:        1.00 GB reserved,       3.00 MB ( <1%) committed 
             Both:        1.02 GB reserved,      22.25 MB (  2%) committed 

Chunk freelists:
   Non-Class:  3.00 KB
       Class:  29.00 KB
        Both:  32.00 KB

MaxMetaspaceSize: 17179869184.00 GB
CompressedClassSpaceSize: 1.00 GB

CodeHeap 'non-profiled nmethods': size=120064Kb used=959Kb max_used=959Kb free=119105Kb
 bounds [0x0000018113330000, 0x00000181135a0000, 0x000001811a870000]
CodeHeap 'profiled nmethods': size=120000Kb used=4065Kb max_used=4065Kb free=115934Kb
 bounds [0x000001810be00000, 0x000001810c200000, 0x0000018113330000]
CodeHeap 'non-nmethods': size=5696Kb used=1140Kb max_used=1160Kb free=4555Kb
 bounds [0x000001810b870000, 0x000001810bae0000, 0x000001810be00000]
 total_blobs=2442 nmethods=1964 adapters=389
 compilation: enabled
              stopped_count=0, restarted_count=0
 full_count=0

Compilation events (20 events):
Event: 1.543 Thread 0x0000018122681000 1946       3       java.lang.reflect.Executable::getGenericParameterTypes (20 bytes)
Event: 1.544 Thread 0x0000018122681000 nmethod 1946 0x000001810c1e7590 code [0x000001810c1e77a0, 0x000001810c1e7e88]
Event: 1.546 Thread 0x0000018122681000 1948       3       java.lang.invoke.DirectMethodHandle::maybeCompile (24 bytes)
Event: 1.546 Thread 0x0000018122681000 nmethod 1948 0x000001810c1e8010 code [0x000001810c1e82a0, 0x000001810c1e8b18]
Event: 1.553 Thread 0x0000018122681000 1950   !   3       org.gradle.internal.classloader.TransformingClassLoader::findClass (203 bytes)
Event: 1.555 Thread 0x0000018122681000 nmethod 1950 0x000001810c1e8e90 code [0x000001810c1e93e0, 0x000001810c1ebcf8]
Event: 1.555 Thread 0x0000018122681000 1951       3       org.gradle.initialization.MixInLegacyTypesClassLoader::shouldTransform (42 bytes)
Event: 1.555 Thread 0x0000018122681000 nmethod 1951 0x000001810c1ecd10 code [0x000001810c1ecf00, 0x000001810c1ed2f8]
Event: 1.562 Thread 0x000001812267f800 1952       4       java.lang.String::startsWith (7 bytes)
Event: 1.562 Thread 0x0000018122681000 1953       3       java.util.LinkedList::unlink (91 bytes)
Event: 1.563 Thread 0x0000018122681000 nmethod 1953 0x000001810c1ed490 code [0x000001810c1ed660, 0x000001810c1eda38]
Event: 1.563 Thread 0x0000018122681000 1954       3       org.gradle.internal.service.DefaultServiceMethodFactory::toServiceMethod (11 bytes)
Event: 1.563 Thread 0x0000018122681000 nmethod 1954 0x000001810c1edb90 code [0x000001810c1edd40, 0x000001810c1edf08]
Event: 1.563 Thread 0x0000018122681000 1955   !   3       org.gradle.internal.service.MethodHandleBasedServiceMethodFactory::toServiceMethod (51 bytes)
Event: 1.563 Thread 0x0000018122681000 nmethod 1955 0x000001810c1ee010 code [0x000001810c1ee380, 0x000001810c1ef8e8]
Event: 1.563 Thread 0x0000018122681000 1956       3       java.lang.reflect.Method::getGenericParameterTypes (5 bytes)
Event: 1.564 Thread 0x0000018122681000 nmethod 1956 0x000001810c1f0010 code [0x000001810c1f02e0, 0x000001810c1f1338]
Event: 1.564 Thread 0x0000018122681000 1957       3       java.lang.reflect.Method::hasGenericInformation (13 bytes)
Event: 1.564 Thread 0x0000018122681000 nmethod 1957 0x000001810c1f1810 code [0x000001810c1f19c0, 0x000001810c1f1b38]
Event: 1.564 Thread 0x0000018122681000 1958       3       java.lang.reflect.Method::getGenericReturnType (20 bytes)

GC Heap History (4 events):
Event: 0.402 GC heap before
{Heap before GC invocations=0 (full 0):
 garbage-first heap   total 260096K, used 27648K [0x0000000080000000, 0x0000000100000000)
  region size 1024K, 22 young (22528K), 0 survivors (0K)
 Metaspace       used 9627K, capacity 9828K, committed 10112K, reserved 1058816K
  class space    used 998K, capacity 1069K, committed 1152K, reserved 1048576K
}
Event: 0.405 GC heap after
{Heap after GC invocations=1 (full 0):
 garbage-first heap   total 260096K, used 9520K [0x0000000080000000, 0x0000000100000000)
  region size 1024K, 3 young (3072K), 3 survivors (3072K)
 Metaspace       used 9627K, capacity 9828K, committed 10112K, reserved 1058816K
  class space    used 998K, capacity 1069K, committed 1152K, reserved 1048576K
}
Event: 1.463 GC heap before
{Heap before GC invocations=1 (full 0):
 garbage-first heap   total 260096K, used 105776K [0x0000000080000000, 0x0000000100000000)
  region size 1024K, 98 young (100352K), 3 survivors (3072K)
 Metaspace       used 20566K, capacity 21089K, committed 21248K, reserved 1067008K
  class space    used 2506K, capacity 2699K, committed 2816K, reserved 1048576K
}
Event: 1.475 GC heap after
{Heap after GC invocations=2 (full 0):
 garbage-first heap   total 260096K, used 17089K [0x0000000080000000, 0x0000000100000000)
  region size 1024K, 11 young (11264K), 11 survivors (11264K)
 Metaspace       used 20566K, capacity 21089K, committed 21248K, reserved 1067008K
  class space    used 2506K, capacity 2699K, committed 2816K, reserved 1048576K
}

Deoptimization events (20 events):
Event: 1.507 Thread 0x0000018124f0e800 Uncommon trap: trap_request=0xffffff4d fr.pc=0x0000018113405830 relative=0x00000000000003b0
Event: 1.507 Thread 0x0000018124f0e800 Uncommon trap: reason=unstable_if action=reinterpret pc=0x0000018113405830 method=jdk.internal.org.objectweb.asm.Type.getArgumentsAndReturnSizes(Ljava/lang/String;)I @ 88 c2
Event: 1.507 Thread 0x0000018124f0e800 DEOPT PACKING pc=0x0000018113405830 sp=0x00000041232faae0
Event: 1.507 Thread 0x0000018124f0e800 DEOPT UNPACKING pc=0x000001810b89662f sp=0x00000041232faa68 mode 2
Event: 1.512 Thread 0x0000018124f0e800 Uncommon trap: trap_request=0xffffff4d fr.pc=0x00000181133692e0 relative=0x00000000000001a0
Event: 1.512 Thread 0x0000018124f0e800 Uncommon trap: reason=unstable_if action=reinterpret pc=0x00000181133692e0 method=java.util.HashMap.getNode(ILjava/lang/Object;)Ljava/util/HashMap$Node; @ 129 c2
Event: 1.512 Thread 0x0000018124f0e800 DEOPT PACKING pc=0x00000181133692e0 sp=0x00000041232fc500
Event: 1.512 Thread 0x0000018124f0e800 DEOPT UNPACKING pc=0x000001810b89662f sp=0x00000041232fc400 mode 2
Event: 1.512 Thread 0x0000018124f0e800 Uncommon trap: trap_request=0xffffffc6 fr.pc=0x00000181133ff6f8 relative=0x00000000000007d8
Event: 1.512 Thread 0x0000018124f0e800 Uncommon trap: reason=bimorphic_or_optimized_type_check action=maybe_recompile pc=0x00000181133ff6f8 method=java.util.HashMap.putVal(ILjava/lang/Object;Ljava/lang/Object;ZZ)Ljava/lang/Object; @ 203 c2
Event: 1.512 Thread 0x0000018124f0e800 DEOPT PACKING pc=0x00000181133ff6f8 sp=0x00000041232fc4c0
Event: 1.512 Thread 0x0000018124f0e800 DEOPT UNPACKING pc=0x000001810b89662f sp=0x00000041232fc3d0 mode 2
Event: 1.512 Thread 0x0000018124f0e800 Uncommon trap: trap_request=0xffffff4d fr.pc=0x00000181133621ac relative=0x00000000000001ec
Event: 1.512 Thread 0x0000018124f0e800 Uncommon trap: reason=unstable_if action=reinterpret pc=0x00000181133621ac method=java.util.HashMap.getNode(ILjava/lang/Object;)Ljava/util/HashMap$Node; @ 129 c2
Event: 1.512 Thread 0x0000018124f0e800 DEOPT PACKING pc=0x00000181133621ac sp=0x00000041232fc460
Event: 1.512 Thread 0x0000018124f0e800 DEOPT UNPACKING pc=0x000001810b89662f sp=0x00000041232fc3e8 mode 2
Event: 1.515 Thread 0x0000018124f0e800 Uncommon trap: trap_request=0xffffff4d fr.pc=0x000001811339e0b0 relative=0x0000000000000b10
Event: 1.515 Thread 0x0000018124f0e800 Uncommon trap: reason=unstable_if action=reinterpret pc=0x000001811339e0b0 method=java.util.Properties$LineReader.readLine()I @ 249 c2
Event: 1.515 Thread 0x0000018124f0e800 DEOPT PACKING pc=0x000001811339e0b0 sp=0x00000041232fc460
Event: 1.515 Thread 0x0000018124f0e800 DEOPT UNPACKING pc=0x000001810b89662f sp=0x00000041232fc400 mode 2

Classes redefined (0 events):
No events

Internal exceptions (20 events):
Event: 1.193 Thread 0x0000018124f13800 Exception <a 'java/lang/NoSuchMethodError'{0x000000008bb192c0}: <clinit>> (0x000000008bb192c0) thrown at [./src/hotspot/share/prims/jni.cpp, line 1362]
Event: 1.195 Thread 0x0000018124f13800 Exception <a 'java/lang/NoSuchMethodError'{0x000000008bb49090}: <clinit>> (0x000000008bb49090) thrown at [./src/hotspot/share/prims/jni.cpp, line 1362]
Event: 1.198 Thread 0x0000018124f13800 Exception <a 'java/lang/NoSuchMethodError'{0x000000008bb71c70}: <clinit>> (0x000000008bb71c70) thrown at [./src/hotspot/share/prims/jni.cpp, line 1362]
Event: 1.234 Thread 0x0000018124f0e800 Exception <a 'java/lang/NoSuchMethodError'{0x000000008b895f08}: 'void java.lang.invoke.DirectMethodHandle$Holder.invokeVirtual(java.lang.Object, java.lang.Object, java.lang.Object, java.lang.Object)'> (0x000000008b895f08) thrown at [./src/hotspot/share/interpreter/linkResolver.cpp, line 773]
Event: 1.235 Thread 0x0000018124f0e800 Exception <a 'java/lang/NoSuchMethodError'{0x000000008b8a2c40}: 'void java.lang.invoke.DelegatingMethodHandle$Holder.reinvoke_L(java.lang.Object, java.lang.Object, java.lang.Object, java.lang.Object)'> (0x000000008b8a2c40) thrown at [./src/hotspot/share/interpreter/linkResolver.cpp, line 773]
Event: 1.239 Thread 0x0000018124f0e800 Exception <a 'java/lang/NoSuchMethodError'{0x000000008b8d35d0}: 'long java.lang.invoke.DirectMethodHandle$Holder.invokeInterface(java.lang.Object, java.lang.Object)'> (0x000000008b8d35d0) thrown at [./src/hotspot/share/interpreter/linkResolver.cpp, line 773]
Event: 1.240 Thread 0x0000018124f0e800 Exception <a 'java/lang/NoSuchMethodError'{0x000000008b8f6298}: 'void java.lang.invoke.DelegatingMethodHandle$Holder.reinvoke_L(java.lang.Object, java.lang.Object, java.lang.Object, java.lang.Object, java.lang.Object, java.lang.Object, java.lang.Object)'> (0x000000008b8f6298) thrown at [./src/hotspot/share/interpreter/linkResolver.cpp, line 773]
Event: 1.351 Thread 0x0000018124f0e800 Exception <a 'java/lang/NoSuchMethodError'{0x000000008a88e598}: 'java.lang.Object java.lang.invoke.DirectMethodHandle$Holder.invokeVirtual(java.lang.Object, java.lang.Object, java.lang.Object)'> (0x000000008a88e598) thrown at [./src/hotspot/share/interpreter/linkResolver.cpp, line 773]
Event: 1.376 Thread 0x0000018124f0e800 Exception <a 'java/lang/NoSuchMethodError'{0x000000008a4305f8}: 'void java.lang.invoke.DirectMethodHandle$Holder.invokeInterface(java.lang.Object, java.lang.Object)'> (0x000000008a4305f8) thrown at [./src/hotspot/share/interpreter/linkResolver.cpp, line 773]
Event: 1.376 Thread 0x0000018124f0e800 Exception <a 'java/lang/IncompatibleClassChangeError'{0x000000008a4337a8}: Found class java.lang.Object, but interface was expected> (0x000000008a4337a8) thrown at [./src/hotspot/share/interpreter/linkResolver.cpp, line 839]
Event: 1.391 Thread 0x0000018124f0e800 Exception <a 'java/lang/NoSuchMethodError'{0x000000008a3aaed8}: 'void java.lang.invoke.DirectMethodHandle$Holder.invokeStaticInit(java.lang.Object)'> (0x000000008a3aaed8) thrown at [./src/hotspot/share/interpreter/linkResolver.cpp, line 773]
Event: 1.418 Thread 0x0000018124f0e800 Exception <a 'java/lang/NoSuchMethodError'{0x000000008a016470}: 'java.lang.Object java.lang.invoke.DirectMethodHandle$Holder.invokeStatic(java.lang.Object, java.lang.Object, java.lang.Object, int)'> (0x000000008a016470) thrown at [./src/hotspot/share/interpreter/linkResolver.cpp, line 773]
Event: 1.418 Thread 0x0000018124f0e800 Exception <a 'java/lang/NoSuchMethodError'{0x000000008a01a638}: 'java.lang.Object java.lang.invoke.DirectMethodHandle$Holder.invokeSpecial(java.lang.Object, java.lang.Object, java.lang.Object, java.lang.Object, int)'> (0x000000008a01a638) thrown at [./src/hotspot/share/interpreter/linkResolver.cpp, line 773]
Event: 1.418 Thread 0x0000018124f0e800 Exception <a 'java/lang/NoSuchMethodError'{0x000000008a01e020}: 'java.lang.Object java.lang.invoke.Invokers$Holder.linkToTargetMethod(java.lang.Object, java.lang.Object, int, java.lang.Object)'> (0x000000008a01e020) thrown at [./src/hotspot/share/interpreter/linkResolver.cpp, line 773]
Event: 1.483 Thread 0x0000018124f0e800 Exception <a 'java/lang/NoSuchMethodError'{0x000000008fdb83a0}: 'int java.lang.invoke.DirectMethodHandle$Holder.invokeSpecialIFC(java.lang.Object, java.lang.Object, java.lang.Object, java.lang.Object)'> (0x000000008fdb83a0) thrown at [./src/hotspot/share/interpreter/linkResolver.cpp, line 773]
Event: 1.484 Thread 0x0000018124f0e800 Exception <a 'java/lang/NoSuchMethodError'{0x000000008fdc6160}: 'java.lang.Object java.lang.invoke.DirectMethodHandle$Holder.invokeInterface(java.lang.Object, java.lang.Object, java.lang.Object)'> (0x000000008fdc6160) thrown at [./src/hotspot/share/interpreter/linkResolver.cpp, line 773]
Event: 1.484 Thread 0x0000018124f0e800 Exception <a 'java/lang/IncompatibleClassChangeError'{0x000000008fdc9638}: Found class java.lang.Object, but interface was expected> (0x000000008fdc9638) thrown at [./src/hotspot/share/interpreter/linkResolver.cpp, line 839]
Event: 1.489 Thread 0x0000018124f0e800 Exception <a 'java/lang/NoSuchMethodError'{0x000000008fc7faf8}: 'void java.lang.invoke.DirectMethodHandle$Holder.invokeStatic(java.lang.Object, java.lang.Object, java.lang.Object, java.lang.Object, java.lang.Object)'> (0x000000008fc7faf8) thrown at [./src/hotspot/share/interpreter/linkResolver.cpp, line 773]
Event: 1.529 Thread 0x0000018124f0e800 Exception <a 'java/lang/NoSuchMethodError'{0x000000008f8f9df8}: 'void java.lang.invoke.DirectMethodHandle$Holder.invokeSpecial(java.lang.Object, java.lang.Object)'> (0x000000008f8f9df8) thrown at [./src/hotspot/share/interpreter/linkResolver.cpp, line 773]
Event: 1.546 Thread 0x0000018124f0e800 Exception <a 'java/lang/NoSuchMethodError'{0x000000008f539300}: 'java.lang.Object java.lang.invoke.DirectMethodHandle$Holder.invokeSpecial(java.lang.Object, java.lang.Object, java.lang.Object, java.lang.Object, java.lang.Object, java.lang.Object, java.lang.Object, java.lang.Object, java.lang.Object)'> (0x000000008f539300) thrown at [./src/hotspot/share/interpreter/linkResolver.cpp, line 773]

Events (20 events):
Event: 1.562 loading class org/gradle/internal/resource/cached/DefaultCachedExternalResourceIndex
Event: 1.562 loading class org/gradle/internal/resource/cached/DefaultCachedExternalResourceIndex done
Event: 1.562 loading class org/gradle/internal/resource/cached/AbstractCachedIndex
Event: 1.562 loading class org/gradle/internal/resource/cached/AbstractCachedIndex done
Event: 1.562 loading class org/gradle/internal/management/DependencyResolutionManagementInternal
Event: 1.562 loading class org/gradle/internal/management/DependencyResolutionManagementInternal done
Event: 1.562 loading class org/gradle/api/initialization/resolve/DependencyResolutionManagement
Event: 1.562 loading class org/gradle/api/initialization/resolve/DependencyResolutionManagement done
Event: 1.563 loading class org/gradle/internal/component/external/model/ModuleComponentArtifactMetadata
Event: 1.563 loading class org/gradle/internal/component/external/model/ModuleComponentArtifactMetadata done
Event: 1.563 loading class org/gradle/internal/component/model/ComponentArtifactMetadata
Event: 1.563 loading class org/gradle/internal/component/model/ComponentArtifactMetadata done
Event: 1.563 loading class org/gradle/api/internal/artifacts/ivyservice/ivyresolve/ResolverProviderFactory
Event: 1.563 loading class org/gradle/api/internal/artifacts/ivyservice/ivyresolve/ResolverProviderFactory done
Event: 1.563 loading class org/gradle/api/internal/artifacts/ivyservice/projectmodule/ProjectArtifactResolver
Event: 1.563 loading class org/gradle/api/internal/artifacts/ivyservice/projectmodule/ProjectArtifactResolver done
Event: 1.564 loading class org/gradle/api/internal/artifacts/ivyservice/projectmodule/ProjectArtifactSetResolver
Event: 1.564 loading class org/gradle/api/internal/artifacts/ivyservice/projectmodule/ProjectArtifactSetResolver done
Event: 1.564 loading class org/gradle/internal/component/model/ComponentResolveMetadata
Event: 1.564 loading class org/gradle/internal/component/model/ComponentResolveMetadata done


Dynamic libraries:
0x00007ff611350000 - 0x00007ff61135a000 	C:\Program Files\Android\Android Studio\jre\bin\java.exe
0x00007ffb203e0000 - 0x00007ffb205e9000 	C:\WINDOWS\SYSTEM32\ntdll.dll
0x00007ffb1fcc0000 - 0x00007ffb1fd7d000 	C:\WINDOWS\System32\KERNEL32.DLL
0x00007ffb1ddf0000 - 0x00007ffb1e164000 	C:\WINDOWS\System32\KERNELBASE.dll
0x00007ffb1da40000 - 0x00007ffb1db51000 	C:\WINDOWS\System32\ucrtbase.dll
0x00007ffb11bb0000 - 0x00007ffb11bc9000 	C:\Program Files\Android\Android Studio\jre\bin\jli.dll
0x00007ffb0d970000 - 0x00007ffb0d987000 	C:\Program Files\Android\Android Studio\jre\bin\VCRUNTIME140.dll
0x00007ffb1fa90000 - 0x00007ffb1fc3c000 	C:\WINDOWS\System32\USER32.dll
0x00007ffb1d950000 - 0x00007ffb1d976000 	C:\WINDOWS\System32\win32u.dll
0x00007ffb05640000 - 0x00007ffb058e5000 	C:\WINDOWS\WinSxS\amd64_microsoft.windows.common-controls_6595b64144ccf1df_6.0.22000.120_none_9d947278b86cc467\COMCTL32.dll
0x00007ffb1fec0000 - 0x00007ffb1fee9000 	C:\WINDOWS\System32\GDI32.dll
0x00007ffb1f0f0000 - 0x00007ffb1f193000 	C:\WINDOWS\System32\msvcrt.dll
0x00007ffb1dcd0000 - 0x00007ffb1dde2000 	C:\WINDOWS\System32\gdi32full.dll
0x00007ffb1e170000 - 0x00007ffb1e20d000 	C:\WINDOWS\System32\msvcp_win.dll
0x00007ffb1ee30000 - 0x00007ffb1ee61000 	C:\WINDOWS\System32\IMM32.DLL
0x00007ffb0a8e0000 - 0x00007ffb0a97d000 	C:\Program Files\Android\Android Studio\jre\bin\msvcp140.dll
0x00007ffadc050000 - 0x00007ffadcb25000 	C:\Program Files\Android\Android Studio\jre\bin\server\jvm.dll
0x00007ffb202f0000 - 0x00007ffb2039e000 	C:\WINDOWS\System32\ADVAPI32.dll
0x00007ffb1ff60000 - 0x00007ffb1fffe000 	C:\WINDOWS\System32\sechost.dll
0x00007ffb1fda0000 - 0x00007ffb1fec0000 	C:\WINDOWS\System32\RPCRT4.dll
0x00007ffb1ff50000 - 0x00007ffb1ff58000 	C:\WINDOWS\System32\PSAPI.DLL
0x00007ffb18bf0000 - 0x00007ffb18bfa000 	C:\WINDOWS\SYSTEM32\VERSION.dll
0x00007ffb0a7c0000 - 0x00007ffb0a7f3000 	C:\WINDOWS\SYSTEM32\WINMM.dll
0x00007ffb1a1b0000 - 0x00007ffb1a1b9000 	C:\WINDOWS\SYSTEM32\WSOCK32.dll
0x00007ffb20110000 - 0x00007ffb2017f000 	C:\WINDOWS\System32\WS2_32.dll
0x00007ffb1c9d0000 - 0x00007ffb1c9e8000 	C:\WINDOWS\SYSTEM32\kernel.appcore.dll
0x00007ffb19af0000 - 0x00007ffb19b01000 	C:\Program Files\Android\Android Studio\jre\bin\verify.dll
0x00007ffb0aa60000 - 0x00007ffb0ac81000 	C:\WINDOWS\SYSTEM32\DBGHELP.DLL
0x00007ffb0a250000 - 0x00007ffb0a281000 	C:\WINDOWS\SYSTEM32\dbgcore.DLL
0x00007ffb1d8d0000 - 0x00007ffb1d94f000 	C:\WINDOWS\System32\bcryptPrimitives.dll
0x00007ffb196b0000 - 0x00007ffb196d9000 	C:\Program Files\Android\Android Studio\jre\bin\java.dll
0x00007ffb1a090000 - 0x00007ffb1a09b000 	C:\Program Files\Android\Android Studio\jre\bin\jimage.dll
0x00007ffb162e0000 - 0x00007ffb162f8000 	C:\Program Files\Android\Android Studio\jre\bin\zip.dll
0x00007ffb1e500000 - 0x00007ffb1ecae000 	C:\WINDOWS\System32\SHELL32.dll
0x00007ffb1ba40000 - 0x00007ffb1c2a8000 	C:\WINDOWS\SYSTEM32\windows.storage.dll
0x00007ffb1f290000 - 0x00007ffb1f608000 	C:\WINDOWS\System32\combase.dll
0x00007ffb1b8d0000 - 0x00007ffb1ba36000 	C:\WINDOWS\SYSTEM32\wintypes.dll
0x00007ffb1f1a0000 - 0x00007ffb1f28a000 	C:\WINDOWS\System32\SHCORE.dll
0x00007ffb1fef0000 - 0x00007ffb1ff4d000 	C:\WINDOWS\System32\shlwapi.dll
0x00007ffb1d800000 - 0x00007ffb1d821000 	C:\WINDOWS\SYSTEM32\profapi.dll
0x00007ffb117a0000 - 0x00007ffb117ba000 	C:\Program Files\Android\Android Studio\jre\bin\net.dll
0x00007ffb18320000 - 0x00007ffb1842c000 	C:\WINDOWS\SYSTEM32\WINHTTP.dll
0x00007ffb1ce00000 - 0x00007ffb1ce67000 	C:\WINDOWS\system32\mswsock.dll
0x00007ffb0df30000 - 0x00007ffb0df44000 	C:\Program Files\Android\Android Studio\jre\bin\nio.dll
0x00007ffb1a160000 - 0x00007ffb1a187000 	C:\Users\user\.gradle\native\8bec1ad78214c89d9ad589b4d07fe93259594b29d510b10fafb7a158f7737e5d\windows-amd64\native-platform.dll
0x00007ffaf8930000 - 0x00007ffaf8a6d000 	C:\Users\user\.gradle\native\53dbd7edfb1c66fb8903c78663c9afc45aea4f116125fa6feffd364cf09443e8\windows-amd64\native-platform-file-events.dll
0x00007ffb19ae0000 - 0x00007ffb19aea000 	C:\Program Files\Android\Android Studio\jre\bin\management.dll
0x00007ffb196a0000 - 0x00007ffb196ad000 	C:\Program Files\Android\Android Studio\jre\bin\management_ext.dll
0x00007ffb1d040000 - 0x00007ffb1d058000 	C:\WINDOWS\SYSTEM32\CRYPTSP.dll
0x00007ffb1c930000 - 0x00007ffb1c965000 	C:\WINDOWS\system32\rsaenh.dll
0x00007ffb1cef0000 - 0x00007ffb1cf19000 	C:\WINDOWS\SYSTEM32\USERENV.dll
0x00007ffb1d1c0000 - 0x00007ffb1d1e7000 	C:\WINDOWS\SYSTEM32\bcrypt.dll
0x00007ffb1d060000 - 0x00007ffb1d06c000 	C:\WINDOWS\SYSTEM32\CRYPTBASE.dll
0x00007ffb1c500000 - 0x00007ffb1c52d000 	C:\WINDOWS\SYSTEM32\IPHLPAPI.DLL
0x00007ffb1f030000 - 0x00007ffb1f039000 	C:\WINDOWS\System32\NSI.dll
0x00007ffb17d70000 - 0x00007ffb17d89000 	C:\WINDOWS\SYSTEM32\dhcpcsvc6.DLL
0x00007ffb190c0000 - 0x00007ffb190de000 	C:\WINDOWS\SYSTEM32\dhcpcsvc.DLL
0x00007ffb1c530000 - 0x00007ffb1c617000 	C:\WINDOWS\SYSTEM32\DNSAPI.dll

dbghelp: loaded successfully - version: 4.0.5 - missing functions: none
symbol engine: initialized successfully - sym options: 0x614 - pdb path: .;C:\Program Files\Android\Android Studio\jre\bin;C:\WINDOWS\SYSTEM32;C:\WINDOWS\WinSxS\amd64_microsoft.windows.common-controls_6595b64144ccf1df_6.0.22000.120_none_9d947278b86cc467;C:\Program Files\Android\Android Studio\jre\bin\server;C:\Users\user\.gradle\native\8bec1ad78214c89d9ad589b4d07fe93259594b29d510b10fafb7a158f7737e5d\windows-amd64;C:\Users\user\.gradle\native\53dbd7edfb1c66fb8903c78663c9afc45aea4f116125fa6feffd364cf09443e8\windows-amd64

VM Arguments:
jvm_args: --add-opens=java.base/java.util=ALL-UNNAMED --add-opens=java.base/java.lang=ALL-UNNAMED --add-opens=java.base/java.lang.invoke=ALL-UNNAMED --add-opens=java.base/java.util=ALL-UNNAMED --add-opens=java.prefs/java.util.prefs=ALL-UNNAMED --add-opens=java.prefs/java.util.prefs=ALL-UNNAMED --add-opens=java.base/java.nio.charset=ALL-UNNAMED --add-opens=java.base/java.net=ALL-UNNAMED --add-opens=java.base/java.util.concurrent.atomic=ALL-UNNAMED -Xmx2048M -Dfile.encoding=windows-1252 -Duser.country=US -Duser.language=en -Duser.variant 
java_command: org.gradle.launcher.daemon.bootstrap.GradleDaemon 7.0.2
java_class_path (initial): C:\Users\user\.gradle\wrapper\dists\gradle-7.0.2-all\7era6s5ay7zsbhuvl0oc9g94s\gradle-7.0.2\lib\gradle-launcher-7.0.2.jar
Launcher Type: SUN_STANDARD

[Global flags]
     intx CICompilerCount                          = 3                                         {product} {ergonomic}
     uint ConcGCThreads                            = 2                                         {product} {ergonomic}
     uint G1ConcRefinementThreads                  = 6                                         {product} {ergonomic}
   size_t G1HeapRegionSize                         = 1048576                                   {product} {ergonomic}
    uintx GCDrainStackTargetSize                   = 64                                        {product} {ergonomic}
   size_t InitialHeapSize                          = 266338304                                 {product} {ergonomic}
   size_t MarkStackSize                            = 4194304                                   {product} {ergonomic}
   size_t MaxHeapSize                              = 2147483648                                {product} {command line}
   size_t MaxNewSize                               = 1287651328                                {product} {ergonomic}
   size_t MinHeapDeltaBytes                        = 1048576                                   {product} {ergonomic}
    uintx NonNMethodCodeHeapSize                   = 5830732                                {pd product} {ergonomic}
    uintx NonProfiledCodeHeapSize                  = 122913754                              {pd product} {ergonomic}
    uintx ProfiledCodeHeapSize                     = 122913754                              {pd product} {ergonomic}
    uintx ReservedCodeCacheSize                    = 251658240                              {pd product} {ergonomic}
     bool SegmentedCodeCache                       = true                                      {product} {ergonomic}
     bool UseCompressedClassPointers               = true                                 {lp64_product} {ergonomic}
     bool UseCompressedOops                        = true                                 {lp64_product} {ergonomic}
     bool UseG1GC                                  = true                                      {product} {ergonomic}
     bool UseLargePagesIndividualAllocation        = false                                  {pd product} {ergonomic}

Logging:
Log output configuration:
 #0: stdout all=warning uptime,level,tags
 #1: stderr all=off uptime,level,tags

Environment Variables:
PATH=C:\WINDOWS\system32;C:\WINDOWS;C:\WINDOWS\System32\Wbem;C:\WINDOWS\System32\WindowsPowerShell\v1.0\;C:\WINDOWS\System32\OpenSSH\;C:\Program Files (x86)\Microsoft SQL Server\150\DTS\Binn\;C:\Program Files\Azure Data Studio\bin;C:\Users\user\AppData\Local\Microsoft\WindowsApps;;C:\Program Files\Azure Data Studio\bin
USERNAME=user
OS=Windows_NT
PROCESSOR_IDENTIFIER=Intel64 Family 6 Model 158 Stepping 13, GenuineIntel



---------------  S Y S T E M  ---------------

OS: Windows 10 , 64 bit Build 22000 (10.0.22000.434)
OS uptime: 0 days 3:00 hours

CPU:total 6 (initial active 6) (6 cores per cpu, 1 threads per core) family 6 model 158 stepping 13 microcode 0xde, cmov, cx8, fxsr, mmx, sse, sse2, sse3, ssse3, sse4.1, sse4.2, popcnt, avx, avx2, aes, clmul, erms, 3dnowpref, lzcnt, tsc, tscinvbit, bmi1, bmi2, adx, fma

Memory: 4k page, system-wide physical 16195M (1213M free)
TotalPageFile size 35847M (AvailPageFile size 5M)
current process WorkingSet (physical memory assigned to process): 226M, peak: 226M
current process commit charge ("private bytes"): 400M, peak: 400M

vm_info: OpenJDK 64-Bit Server VM (11.0.11+9-b60-7590822) for windows-amd64 JRE (11.0.11+9-b60-7590822), built on Jul 29 2021 21:43:44 by "builder" with MS VC++ 14.0 (VS2015)

END.
